#
# There is insufficient memory for the Java Runtime Environment to continue.
# Native memory allocation (malloc) failed to allocate 1536656 bytes. Error detail: Chunk::new
# Possible reasons:
#   The system is out of physical RAM or swap space
#   This process is running with CompressedOops enabled, and the Java Heap may be blocking the growth of the native heap
# Possible solutions:
#   Reduce memory load on the system
#   Increase physical memory or swap space
#   Check if swap backing store is full
#   Decrease Java heap size (-Xmx/-Xms)
#   Decrease number of Java threads
#   Decrease Java thread stack sizes (-Xss)
#   Set larger code cache with -XX:ReservedCodeCacheSize=
#   JVM is running with Unscaled Compressed Oops mode in which the Java heap is
#     placed in the first 4GB address space. The Java Heap base address is the
#     maximum limit for the native heap growth. Please use -XX:HeapBaseMinAddress
#     to set the Java Heap base and to place the Java Heap above 4GB virtual address.
# This output file may be truncated or incomplete.
#
#  Out of Memory Error (arena.cpp:150), pid=23752, tid=4996
#
# JRE version: Java(TM) SE Runtime Environment (22.0.1+8) (build 22.0.1+8-16)
# Java VM: Java HotSpot(TM) 64-Bit Server VM (22.0.1+8-16, mixed mode, sharing, tiered, compressed oops, compressed class ptrs, g1 gc, windows-amd64)
# No core dump will be written. Minidumps are not enabled by default on client versions of Windows
#

---------------  S U M M A R Y ------------

Command Line: --add-opens=java.base/java.lang=ALL-UNNAMED --add-opens=java.base/java.lang.invoke=ALL-UNNAMED --add-opens=java.base/java.util=ALL-UNNAMED --add-opens=java.prefs/java.util.prefs=ALL-UNNAMED --add-exports=jdk.compiler/com.sun.tools.javac.api=ALL-UNNAMED --add-exports=jdk.compiler/com.sun.tools.javac.util=ALL-UNNAMED --add-opens=java.base/java.util=ALL-UNNAMED --add-opens=java.prefs/java.util.prefs=ALL-UNNAMED --add-opens=java.base/java.nio.charset=ALL-UNNAMED --add-opens=java.base/java.net=ALL-UNNAMED --add-opens=java.base/java.util.concurrent.atomic=ALL-UNNAMED --add-opens=java.xml/javax.xml.namespace=ALL-UNNAMED -Xmx2048m -Dfile.encoding=UTF-8 -Duser.country=PE -Duser.language=es -Duser.variant -javaagent:C:\Users\USER\.gradle\wrapper\dists\gradle-8.13-bin\5xuhj0ry160q40clulazy9h7d\gradle-8.13\lib\agents\gradle-instrumentation-agent-8.13.jar org.gradle.launcher.daemon.bootstrap.GradleDaemon 8.13

Host: AMD Ryzen 5 5600H with Radeon Graphics         , 12 cores, 7G,  Windows 11 , 64 bit Build 26100 (10.0.26100.6725)
Time: Wed Oct 15 19:09:24 2025 Hora est. Pacífico, Sudamérica elapsed time: 48.256739 seconds (0d 0h 0m 48s)

---------------  T H R E A D  ---------------

Current thread (0x000001ebc9eba1f0):  JavaThread "C2 CompilerThread1" daemon [_thread_in_native, id=4996, stack(0x0000007a0f000000,0x0000007a0f100000) (1024K)]


Current CompileTask:
C2:48256 11632   !   4       java.io.ObjectOutputStream::writeObject0 (620 bytes)

Stack: [0x0000007a0f000000,0x0000007a0f100000]
Native frames: (J=compiled Java code, j=interpreted, Vv=VM code, C=native code)
V  [jvm.dll+0x6e2279]  (no source info available)
V  [jvm.dll+0x874e33]  (no source info available)
V  [jvm.dll+0x87725e]  (no source info available)
V  [jvm.dll+0x877933]  (no source info available)
V  [jvm.dll+0x27fd76]  (no source info available)
V  [jvm.dll+0xc3d0f]  (no source info available)
V  [jvm.dll+0xc3f6b]  (no source info available)
V  [jvm.dll+0x3bb0d2]  (no source info available)
V  [jvm.dll+0x387b6b]  (no source info available)
V  [jvm.dll+0x386fda]  (no source info available)
V  [jvm.dll+0x247918]  (no source info available)
V  [jvm.dll+0x246fbf]  (no source info available)
V  [jvm.dll+0x1c4e90]  (no source info available)
V  [jvm.dll+0x2569fe]  (no source info available)
V  [jvm.dll+0x254cba]  (no source info available)
V  [jvm.dll+0x3f5336]  (no source info available)
V  [jvm.dll+0x81d44b]  (no source info available)
V  [jvm.dll+0x6e0915]  (no source info available)
C  [ucrtbase.dll+0x37b0]  (no source info available)
C  [KERNEL32.DLL+0x2e8d7]  (no source info available)
C  [ntdll.dll+0x8c53c]  (no source info available)


---------------  P R O C E S S  ---------------

Threads class SMR info:
_java_thread_list=0x000001ebc72c5500, length=66, elements={
0x000001ebd37cc530, 0x000001ebf1cebcb0, 0x000001ebf1cec910, 0x000001ebf1cefc60,
0x000001ebf1cf0c80, 0x000001ebf1cf16e0, 0x000001ebf1cf50f0, 0x000001ebc516a0b0,
0x000001ebc517af70, 0x000001ebc5267670, 0x000001ebc53c4f50, 0x000001ebc6d31910,
0x000001ebc6cd2c70, 0x000001ebc6cca190, 0x000001ebc6c832a0, 0x000001ebc6c7be10,
0x000001ebc6e39660, 0x000001ebc6e576f0, 0x000001ebc6e54f90, 0x000001ebc6e569d0,
0x000001ebc6e55620, 0x000001ebc6e57060, 0x000001ebc6e54900, 0x000001ebc6e55cb0,
0x000001ebc6e54270, 0x000001ebc8ee9790, 0x000001ebc8ee7d50, 0x000001ebc8ee9100,
0x000001ebc8ee9e20, 0x000001ebc8eeb1d0, 0x000001ebc8eea4b0, 0x000001ebc8eeab40,
0x000001ebc8ee8a70, 0x000001ebc748bed0, 0x000001ebc748cbf0, 0x000001ebc748ab20,
0x000001ebc748d280, 0x000001ebc7489e00, 0x000001ebc748b1b0, 0x000001ebc748c560,
0x000001ebc7490700, 0x000001ebc7490d90, 0x000001ebcbd175a0, 0x000001ebcbd1b0b0,
0x000001ebcbd18950, 0x000001ebcbd182c0, 0x000001ebcbd18fe0, 0x000001ebcbd17c30,
0x000001ebcbd1d180, 0x000001ebcbd1dea0, 0x000001ebcbd1b740, 0x000001ebcbd1c460,
0x000001ebcbd1d810, 0x000001ebcbd1bdd0, 0x000001ebcbd1e530, 0x000001ebcbd1caf0,
0x000001ebc86a3840, 0x000001ebc86a2b20, 0x000001ebc86a4560, 0x000001ebc86a4bf0,
0x000001ebc748f350, 0x000001ebc57df950, 0x000001ebc57dd880, 0x000001ebc57ddf10,
0x000001ebc9eba1f0, 0x000001ebc7204060
}

Java Threads: ( => current thread )
  0x000001ebd37cc530 JavaThread "main"                              [_thread_blocked, id=7352, stack(0x0000007a09e00000,0x0000007a09f00000) (1024K)]
  0x000001ebf1cebcb0 JavaThread "Reference Handler"          daemon [_thread_blocked, id=7524, stack(0x0000007a0a600000,0x0000007a0a700000) (1024K)]
  0x000001ebf1cec910 JavaThread "Finalizer"                  daemon [_thread_blocked, id=20776, stack(0x0000007a0a700000,0x0000007a0a800000) (1024K)]
  0x000001ebf1cefc60 JavaThread "Signal Dispatcher"          daemon [_thread_blocked, id=24928, stack(0x0000007a0a800000,0x0000007a0a900000) (1024K)]
  0x000001ebf1cf0c80 JavaThread "Attach Listener"            daemon [_thread_blocked, id=26296, stack(0x0000007a0a900000,0x0000007a0aa00000) (1024K)]
  0x000001ebf1cf16e0 JavaThread "Service Thread"             daemon [_thread_blocked, id=22444, stack(0x0000007a0aa00000,0x0000007a0ab00000) (1024K)]
  0x000001ebf1cf50f0 JavaThread "Monitor Deflation Thread"   daemon [_thread_blocked, id=23916, stack(0x0000007a0ab00000,0x0000007a0ac00000) (1024K)]
  0x000001ebc516a0b0 JavaThread "C2 CompilerThread0"         daemon [_thread_in_native, id=21408, stack(0x0000007a0ac00000,0x0000007a0ad00000) (1024K)]
  0x000001ebc517af70 JavaThread "C1 CompilerThread0"         daemon [_thread_in_vm, id=25856, stack(0x0000007a0ad00000,0x0000007a0ae00000) (1024K)]
  0x000001ebc5267670 JavaThread "Common-Cleaner"             daemon [_thread_blocked, id=6588, stack(0x0000007a0ae00000,0x0000007a0af00000) (1024K)]
  0x000001ebc53c4f50 JavaThread "Notification Thread"        daemon [_thread_blocked, id=9636, stack(0x0000007a0af00000,0x0000007a0b000000) (1024K)]
  0x000001ebc6d31910 JavaThread "Daemon health stats"               [_thread_blocked, id=13064, stack(0x0000007a0b000000,0x0000007a0b100000) (1024K)]
  0x000001ebc6cd2c70 JavaThread "Incoming local TCP Connector on port 62539"        [_thread_in_native, id=16660, stack(0x0000007a0b900000,0x0000007a0ba00000) (1024K)]
  0x000001ebc6cca190 JavaThread "Daemon periodic checks"            [_thread_blocked, id=5144, stack(0x0000007a0bb00000,0x0000007a0bc00000) (1024K)]
  0x000001ebc6c832a0 JavaThread "Daemon"                            [_thread_blocked, id=19208, stack(0x0000007a0ba00000,0x0000007a0bb00000) (1024K)]
  0x000001ebc6c7be10 JavaThread "Handler for socket connection from /127.0.0.1:62539 to /127.0.0.1:62540"        [_thread_in_native, id=5492, stack(0x0000007a0bc00000,0x0000007a0bd00000) (1024K)]
  0x000001ebc6e39660 JavaThread "Cancel handler"                    [_thread_blocked, id=5936, stack(0x0000007a0bd00000,0x0000007a0be00000) (1024K)]
  0x000001ebc6e576f0 JavaThread "Daemon worker"                     [_thread_in_Java, id=9688, stack(0x0000007a0be00000,0x0000007a0bf00000) (1024K)]
  0x000001ebc6e54f90 JavaThread "Asynchronous log dispatcher for DefaultDaemonConnection: socket connection from /127.0.0.1:62539 to /127.0.0.1:62540"        [_thread_blocked, id=4480, stack(0x0000007a0bf00000,0x0000007a0c000000) (1024K)]
  0x000001ebc6e569d0 JavaThread "Stdin handler"                     [_thread_blocked, id=3360, stack(0x0000007a0c000000,0x0000007a0c100000) (1024K)]
  0x000001ebc6e55620 JavaThread "Daemon client event forwarder"        [_thread_in_native, id=22368, stack(0x0000007a0c100000,0x0000007a0c200000) (1024K)]
  0x000001ebc6e57060 JavaThread "Cache worker for journal cache (C:\Users\USER\.gradle\caches\journal-1)"        [_thread_blocked, id=19092, stack(0x0000007a0c200000,0x0000007a0c300000) (1024K)]
  0x000001ebc6e54900 JavaThread "File lock request listener"        [_thread_in_native, id=21120, stack(0x0000007a0c300000,0x0000007a0c400000) (1024K)]
  0x000001ebc6e55cb0 JavaThread "Cache worker for file hash cache (C:\Users\USER\.gradle\caches\8.13\fileHashes)"        [_thread_in_Java, id=21112, stack(0x0000007a0c400000,0x0000007a0c500000) (1024K)]
  0x000001ebc6e54270 JavaThread "Cache worker for file hash cache (C:\Users\USER\Desktop\github\252DSMG2POINTS\.gradle\8.13\fileHashes)"        [_thread_blocked, id=2588, stack(0x0000007a0c900000,0x0000007a0ca00000) (1024K)]
  0x000001ebc8ee9790 JavaThread "Cache worker for Build Output Cleanup Cache (C:\Users\USER\Desktop\github\252DSMG2POINTS\.gradle\buildOutputCleanup)"        [_thread_blocked, id=18700, stack(0x0000007a0ca00000,0x0000007a0cb00000) (1024K)]
  0x000001ebc8ee7d50 JavaThread "File lock release action executor"        [_thread_blocked, id=20584, stack(0x0000007a0cb00000,0x0000007a0cc00000) (1024K)]
  0x000001ebc8ee9100 JavaThread "File watcher server"        daemon [_thread_in_native, id=15460, stack(0x0000007a0cc00000,0x0000007a0cd00000) (1024K)]
  0x000001ebc8ee9e20 JavaThread "File watcher consumer"      daemon [_thread_blocked, id=8428, stack(0x0000007a0cd00000,0x0000007a0ce00000) (1024K)]
  0x000001ebc8eeb1d0 JavaThread "jar transforms"                    [_thread_blocked, id=24360, stack(0x0000007a0ce00000,0x0000007a0cf00000) (1024K)]
  0x000001ebc8eea4b0 JavaThread "jar transforms Thread 2"           [_thread_blocked, id=22552, stack(0x0000007a0cf00000,0x0000007a0d000000) (1024K)]
  0x000001ebc8eeab40 JavaThread "jar transforms Thread 3"           [_thread_blocked, id=8744, stack(0x0000007a0d000000,0x0000007a0d100000) (1024K)]
  0x000001ebc8ee8a70 JavaThread "jar transforms Thread 4"           [_thread_blocked, id=16436, stack(0x0000007a0c600000,0x0000007a0c700000) (1024K)]
  0x000001ebc748bed0 JavaThread "jar transforms Thread 5"           [_thread_blocked, id=22512, stack(0x0000007a0d100000,0x0000007a0d200000) (1024K)]
  0x000001ebc748cbf0 JavaThread "Cache worker for checksums cache (C:\Users\USER\Desktop\github\252DSMG2POINTS\.gradle\8.13\checksums)"        [_thread_blocked, id=23612, stack(0x0000007a0d300000,0x0000007a0d400000) (1024K)]
  0x000001ebc748ab20 JavaThread "Cache worker for file content cache (C:\Users\USER\.gradle\caches\8.13\fileContent)"        [_thread_blocked, id=23088, stack(0x0000007a0d400000,0x0000007a0d500000) (1024K)]
  0x000001ebc748d280 JavaThread "jar transforms Thread 6"           [_thread_blocked, id=24532, stack(0x0000007a0d500000,0x0000007a0d600000) (1024K)]
  0x000001ebc7489e00 JavaThread "jar transforms Thread 7"           [_thread_blocked, id=26348, stack(0x0000007a0d200000,0x0000007a0d300000) (1024K)]
  0x000001ebc748b1b0 JavaThread "jar transforms Thread 8"           [_thread_blocked, id=8888, stack(0x0000007a0d600000,0x0000007a0d700000) (1024K)]
  0x000001ebc748c560 JavaThread "jar transforms Thread 9"           [_thread_blocked, id=23084, stack(0x0000007a0d700000,0x0000007a0d800000) (1024K)]
  0x000001ebc7490700 JavaThread "Cache worker for cache directory md-supplier (C:\Users\USER\.gradle\caches\8.13\md-supplier)"        [_thread_blocked, id=9000, stack(0x0000007a0d900000,0x0000007a0da00000) (1024K)]
  0x000001ebc7490d90 JavaThread "Cache worker for cache directory md-rule (C:\Users\USER\.gradle\caches\8.13\md-rule)"        [_thread_blocked, id=20336, stack(0x0000007a0da00000,0x0000007a0db00000) (1024K)]
  0x000001ebcbd175a0 JavaThread "Unconstrained build operations"        [_thread_blocked, id=19264, stack(0x0000007a0d800000,0x0000007a0d900000) (1024K)]
  0x000001ebcbd1b0b0 JavaThread "Unconstrained build operations Thread 2"        [_thread_blocked, id=25704, stack(0x0000007a0db00000,0x0000007a0dc00000) (1024K)]
  0x000001ebcbd18950 JavaThread "Unconstrained build operations Thread 3"        [_thread_blocked, id=22268, stack(0x0000007a0dc00000,0x0000007a0dd00000) (1024K)]
  0x000001ebcbd182c0 JavaThread "Unconstrained build operations Thread 4"        [_thread_blocked, id=25288, stack(0x0000007a0dd00000,0x0000007a0de00000) (1024K)]
  0x000001ebcbd18fe0 JavaThread "Unconstrained build operations Thread 5"        [_thread_blocked, id=2932, stack(0x0000007a0de00000,0x0000007a0df00000) (1024K)]
  0x000001ebcbd17c30 JavaThread "Unconstrained build operations Thread 6"        [_thread_blocked, id=4584, stack(0x0000007a0df00000,0x0000007a0e000000) (1024K)]
  0x000001ebcbd1d180 JavaThread "Unconstrained build operations Thread 7"        [_thread_blocked, id=20872, stack(0x0000007a0e000000,0x0000007a0e100000) (1024K)]
  0x000001ebcbd1dea0 JavaThread "Unconstrained build operations Thread 8"        [_thread_blocked, id=19436, stack(0x0000007a0e100000,0x0000007a0e200000) (1024K)]
  0x000001ebcbd1b740 JavaThread "Unconstrained build operations Thread 9"        [_thread_blocked, id=22560, stack(0x0000007a0e200000,0x0000007a0e300000) (1024K)]
  0x000001ebcbd1c460 JavaThread "Unconstrained build operations Thread 10"        [_thread_blocked, id=17728, stack(0x0000007a0e300000,0x0000007a0e400000) (1024K)]
  0x000001ebcbd1d810 JavaThread "Unconstrained build operations Thread 11"        [_thread_blocked, id=13268, stack(0x0000007a0e400000,0x0000007a0e500000) (1024K)]
  0x000001ebcbd1bdd0 JavaThread "Unconstrained build operations Thread 12"        [_thread_blocked, id=2092, stack(0x0000007a0e500000,0x0000007a0e600000) (1024K)]
  0x000001ebcbd1e530 JavaThread "Unconstrained build operations Thread 13"        [_thread_blocked, id=12496, stack(0x0000007a0e600000,0x0000007a0e700000) (1024K)]
  0x000001ebcbd1caf0 JavaThread "Unconstrained build operations Thread 14"        [_thread_blocked, id=5264, stack(0x0000007a0e700000,0x0000007a0e800000) (1024K)]
  0x000001ebc86a3840 JavaThread "Unconstrained build operations Thread 15"        [_thread_blocked, id=14144, stack(0x0000007a0e800000,0x0000007a0e900000) (1024K)]
  0x000001ebc86a2b20 JavaThread "Unconstrained build operations Thread 16"        [_thread_blocked, id=26228, stack(0x0000007a0e900000,0x0000007a0ea00000) (1024K)]
  0x000001ebc86a4560 JavaThread "Unconstrained build operations Thread 17"        [_thread_blocked, id=14276, stack(0x0000007a0ea00000,0x0000007a0eb00000) (1024K)]
  0x000001ebc86a4bf0 JavaThread "Unconstrained build operations Thread 18"        [_thread_blocked, id=25816, stack(0x0000007a0eb00000,0x0000007a0ec00000) (1024K)]
  0x000001ebc748f350 JavaThread "Unconstrained build operations Thread 19"        [_thread_blocked, id=17116, stack(0x0000007a0ec00000,0x0000007a0ed00000) (1024K)]
  0x000001ebc57df950 JavaThread "Unconstrained build operations Thread 20"        [_thread_blocked, id=21024, stack(0x0000007a0ed00000,0x0000007a0ee00000) (1024K)]
  0x000001ebc57dd880 JavaThread "Unconstrained build operations Thread 21"        [_thread_blocked, id=23972, stack(0x0000007a0ee00000,0x0000007a0ef00000) (1024K)]
  0x000001ebc57ddf10 JavaThread "Unconstrained build operations Thread 22"        [_thread_blocked, id=12084, stack(0x0000007a0ef00000,0x0000007a0f000000) (1024K)]
=>0x000001ebc9eba1f0 JavaThread "C2 CompilerThread1"         daemon [_thread_in_native, id=4996, stack(0x0000007a0f000000,0x0000007a0f100000) (1024K)]
  0x000001ebc7204060 JavaThread "C2 CompilerThread2"         daemon [_thread_in_native, id=20428, stack(0x0000007a0f100000,0x0000007a0f200000) (1024K)]
Total: 66

Other Threads:
  0x000001ebf1cc9fb0 VMThread "VM Thread"                           [id=25536, stack(0x0000007a0a500000,0x0000007a0a600000) (1024K)]
  0x000001ebf1cb7e10 WatcherThread "VM Periodic Task Thread"        [id=3832, stack(0x0000007a0a400000,0x0000007a0a500000) (1024K)]
  0x000001ebd518fbc0 WorkerThread "GC Thread#0"                     [id=10908, stack(0x0000007a09f00000,0x0000007a0a000000) (1024K)]
  0x000001ebc5ae5b00 WorkerThread "GC Thread#1"                     [id=9296, stack(0x0000007a0b200000,0x0000007a0b300000) (1024K)]
  0x000001ebc5b5b5a0 WorkerThread "GC Thread#2"                     [id=11252, stack(0x0000007a0b300000,0x0000007a0b400000) (1024K)]
  0x000001ebc5d6d8c0 WorkerThread "GC Thread#3"                     [id=4664, stack(0x0000007a0b400000,0x0000007a0b500000) (1024K)]
  0x000001ebc62f8e60 WorkerThread "GC Thread#4"                     [id=3932, stack(0x0000007a0b100000,0x0000007a0b200000) (1024K)]
  0x000001ebc6bd2950 WorkerThread "GC Thread#5"                     [id=18036, stack(0x0000007a0b500000,0x0000007a0b600000) (1024K)]
  0x000001ebc6bd3110 WorkerThread "GC Thread#6"                     [id=5240, stack(0x0000007a0b600000,0x0000007a0b700000) (1024K)]
  0x000001ebc6bd38d0 WorkerThread "GC Thread#7"                     [id=7936, stack(0x0000007a0b700000,0x0000007a0b800000) (1024K)]
  0x000001ebc6bf6710 WorkerThread "GC Thread#8"                     [id=18084, stack(0x0000007a0b800000,0x0000007a0b900000) (1024K)]
  0x000001ebc7cd69b0 WorkerThread "GC Thread#9"                     [id=23228, stack(0x0000007a0c500000,0x0000007a0c600000) (1024K)]
  0x000001ebd51e0c50 ConcurrentGCThread "G1 Main Marker"            [id=24580, stack(0x0000007a0a000000,0x0000007a0a100000) (1024K)]
  0x000001ebd51e2cc0 WorkerThread "G1 Conc#0"                       [id=4668, stack(0x0000007a0a100000,0x0000007a0a200000) (1024K)]
  0x000001ebc9b14700 WorkerThread "G1 Conc#1"                       [id=416, stack(0x0000007a0c700000,0x0000007a0c800000) (1024K)]
  0x000001ebc9b14ab0 WorkerThread "G1 Conc#2"                       [id=19144, stack(0x0000007a0c800000,0x0000007a0c900000) (1024K)]
  0x000001ebf1b864a0 ConcurrentGCThread "G1 Refine#0"               [id=20548, stack(0x0000007a0a200000,0x0000007a0a300000) (1024K)]
  0x000001ebf1b86dd0 ConcurrentGCThread "G1 Service"                [id=20744, stack(0x0000007a0a300000,0x0000007a0a400000) (1024K)]
Total: 18

Threads with active compile tasks:
C2 CompilerThread0  48539 11877       4       org.gradle.cache.internal.btree.FreeListBlockStore::read (12 bytes)
C1 CompilerThread0  49740 12003       3       org.gradle.api.internal.tasks.compile.tooling.JavaCompileTaskSuccessResultPostProcessor::finished (86 bytes)
C2 CompilerThread1  49740 11632   !   4       java.io.ObjectOutputStream::writeObject0 (620 bytes)
C2 CompilerThread2  49741 11886       4       org.gradle.cache.internal.btree.CachingBlockStore::read (56 bytes)
Total: 4

VM state: synchronizing (normal execution)

VM Mutex/Monitor currently owned by a thread:  ([mutex/lock_event])
[0x00007ff83a81bbb8] Threads_lock - owner thread: 0x000001ebf1cc9fb0

Heap address: 0x0000000080000000, size: 2048 MB, Compressed Oops mode: 32-bit

CDS archive(s) mapped at: [0x000001eb80000000-0x000001eb80c60000-0x000001eb80c60000), size 12976128, SharedBaseAddress: 0x000001eb80000000, ArchiveRelocationMode: 1.
Compressed class space mapped at: 0x000001eb81000000-0x000001ebc1000000, reserved size: 1073741824
Narrow klass base: 0x000001eb80000000, Narrow klass shift: 0, Narrow klass range: 0x41000000

GC Precious Log:
 CardTable entry size: 512
 Card Set container configuration: InlinePtr #cards 5 size 8 Array Of Cards #cards 12 size 40 Howl #buckets 4 coarsen threshold 1843 Howl Bitmap #cards 512 size 80 coarsen threshold 460 Card regions per heap region 1 cards per card region 2048
 CPUs: 12 total, 12 available
 Memory: 7521M
 Large Page Support: Disabled
 NUMA Support: Disabled
 Compressed Oops: Enabled (32-bit)
 Heap Region Size: 1M
 Heap Min Capacity: 8M
 Heap Initial Capacity: 118M
 Heap Max Capacity: 2G
 Pre-touch: Disabled
 Parallel Workers: 10
 Concurrent Workers: 3
 Concurrent Refinement Workers: 10
 Periodic GC: Disabled

Heap:
 garbage-first heap   total reserved 2097152K, committed 164864K, used 141299K [0x0000000080000000, 0x0000000100000000)
  region size 1024K, 55 young (56320K), 8 survivors (8192K)
 Metaspace       used 116029K, committed 118464K, reserved 1179648K
  class space    used 15608K, committed 16768K, reserved 1048576K

Heap Regions: E=young(eden), S=young(survivor), O=old, HS=humongous(starts), HC=humongous(continues), CS=collection set, F=free, TAMS=top-at-mark-start, PB=parsable bottom
|   0|0x0000000080000000, 0x0000000080100000, 0x0000000080100000|100%| O|  |TAMS 0x0000000080000000| PB 0x0000000080000000| Untracked |  0
|   1|0x0000000080100000, 0x0000000080200000, 0x0000000080200000|100%|HS|  |TAMS 0x0000000080100000| PB 0x0000000080100000| Complete |  0
|   2|0x0000000080200000, 0x0000000080300000, 0x0000000080300000|100%|HC|  |TAMS 0x0000000080200000| PB 0x0000000080200000| Complete |  0
|   3|0x0000000080300000, 0x0000000080400000, 0x0000000080400000|100%|HC|  |TAMS 0x0000000080300000| PB 0x0000000080300000| Complete |  0
|   4|0x0000000080400000, 0x0000000080500000, 0x0000000080500000|100%| O|  |TAMS 0x0000000080400000| PB 0x0000000080400000| Untracked |  0
|   5|0x0000000080500000, 0x0000000080600000, 0x0000000080600000|100%| O|  |TAMS 0x0000000080500000| PB 0x0000000080500000| Untracked |  0
|   6|0x0000000080600000, 0x0000000080700000, 0x0000000080700000|100%| O|  |TAMS 0x0000000080600000| PB 0x0000000080600000| Untracked |  0
|   7|0x0000000080700000, 0x0000000080800000, 0x0000000080800000|100%|HS|  |TAMS 0x0000000080700000| PB 0x0000000080700000| Complete |  0
|   8|0x0000000080800000, 0x0000000080900000, 0x0000000080900000|100%| O|  |TAMS 0x0000000080800000| PB 0x0000000080800000| Untracked |  0
|   9|0x0000000080900000, 0x0000000080a00000, 0x0000000080a00000|100%| O|  |TAMS 0x0000000080900000| PB 0x0000000080900000| Untracked |  0
|  10|0x0000000080a00000, 0x0000000080b00000, 0x0000000080b00000|100%| O|  |TAMS 0x0000000080a00000| PB 0x0000000080a00000| Untracked |  0
|  11|0x0000000080b00000, 0x0000000080c00000, 0x0000000080c00000|100%| O|  |TAMS 0x0000000080b00000| PB 0x0000000080b00000| Untracked |  0
|  12|0x0000000080c00000, 0x0000000080d00000, 0x0000000080d00000|100%| O|  |TAMS 0x0000000080c00000| PB 0x0000000080c00000| Untracked |  0
|  13|0x0000000080d00000, 0x0000000080e00000, 0x0000000080e00000|100%| O|  |TAMS 0x0000000080d00000| PB 0x0000000080d00000| Untracked |  0
|  14|0x0000000080e00000, 0x0000000080f00000, 0x0000000080f00000|100%| O|  |TAMS 0x0000000080e00000| PB 0x0000000080e00000| Untracked |  0
|  15|0x0000000080f00000, 0x0000000081000000, 0x0000000081000000|100%| O|  |TAMS 0x0000000080f00000| PB 0x0000000080f00000| Untracked |  0
|  16|0x0000000081000000, 0x0000000081100000, 0x0000000081100000|100%| O|  |TAMS 0x0000000081000000| PB 0x0000000081000000| Untracked |  0
|  17|0x0000000081100000, 0x0000000081200000, 0x0000000081200000|100%| O|  |TAMS 0x0000000081100000| PB 0x0000000081100000| Untracked |  0
|  18|0x0000000081200000, 0x0000000081300000, 0x0000000081300000|100%| O|  |TAMS 0x0000000081200000| PB 0x0000000081200000| Untracked |  0
|  19|0x0000000081300000, 0x0000000081400000, 0x0000000081400000|100%| O|  |TAMS 0x0000000081300000| PB 0x0000000081300000| Untracked |  0
|  20|0x0000000081400000, 0x0000000081500000, 0x0000000081500000|100%| O|  |TAMS 0x0000000081400000| PB 0x0000000081400000| Untracked |  0
|  21|0x0000000081500000, 0x0000000081600000, 0x0000000081600000|100%| O|  |TAMS 0x0000000081500000| PB 0x0000000081500000| Untracked |  0
|  22|0x0000000081600000, 0x0000000081700000, 0x0000000081700000|100%| O|  |TAMS 0x0000000081600000| PB 0x0000000081600000| Untracked |  0
|  23|0x0000000081700000, 0x0000000081800000, 0x0000000081800000|100%| O|  |TAMS 0x0000000081700000| PB 0x0000000081700000| Untracked |  0
|  24|0x0000000081800000, 0x0000000081900000, 0x0000000081900000|100%| O|  |TAMS 0x0000000081800000| PB 0x0000000081800000| Untracked |  0
|  25|0x0000000081900000, 0x0000000081a00000, 0x0000000081a00000|100%| O|  |TAMS 0x0000000081900000| PB 0x0000000081900000| Untracked |  0
|  26|0x0000000081a00000, 0x0000000081b00000, 0x0000000081b00000|100%| O|  |TAMS 0x0000000081a00000| PB 0x0000000081a00000| Untracked |  0
|  27|0x0000000081b00000, 0x0000000081c00000, 0x0000000081c00000|100%| O|  |TAMS 0x0000000081b00000| PB 0x0000000081b00000| Untracked |  0
|  28|0x0000000081c00000, 0x0000000081d00000, 0x0000000081d00000|100%|HS|  |TAMS 0x0000000081c00000| PB 0x0000000081c00000| Complete |  0
|  29|0x0000000081d00000, 0x0000000081e00000, 0x0000000081e00000|100%| O|  |TAMS 0x0000000081d00000| PB 0x0000000081d00000| Untracked |  0
|  30|0x0000000081e00000, 0x0000000081f00000, 0x0000000081f00000|100%| O|  |TAMS 0x0000000081e00000| PB 0x0000000081e00000| Untracked |  0
|  31|0x0000000081f00000, 0x0000000082000000, 0x0000000082000000|100%| O|  |TAMS 0x0000000081f00000| PB 0x0000000081f00000| Untracked |  0
|  32|0x0000000082000000, 0x0000000082100000, 0x0000000082100000|100%| O|  |TAMS 0x0000000082000000| PB 0x0000000082000000| Untracked |  0
|  33|0x0000000082100000, 0x0000000082200000, 0x0000000082200000|100%| O|  |TAMS 0x0000000082100000| PB 0x0000000082100000| Untracked |  0
|  34|0x0000000082200000, 0x0000000082300000, 0x0000000082300000|100%| O|  |TAMS 0x0000000082200000| PB 0x0000000082200000| Untracked |  0
|  35|0x0000000082300000, 0x0000000082400000, 0x0000000082400000|100%| O|  |TAMS 0x0000000082300000| PB 0x0000000082300000| Untracked |  0
|  36|0x0000000082400000, 0x0000000082500000, 0x0000000082500000|100%| O|  |TAMS 0x0000000082400000| PB 0x0000000082400000| Untracked |  0
|  37|0x0000000082500000, 0x0000000082600000, 0x0000000082600000|100%| O|  |TAMS 0x0000000082500000| PB 0x0000000082500000| Untracked |  0
|  38|0x0000000082600000, 0x0000000082700000, 0x0000000082700000|100%| O|  |TAMS 0x0000000082600000| PB 0x0000000082600000| Untracked |  0
|  39|0x0000000082700000, 0x0000000082800000, 0x0000000082800000|100%| O|  |TAMS 0x0000000082700000| PB 0x0000000082700000| Untracked |  0
|  40|0x0000000082800000, 0x0000000082900000, 0x0000000082900000|100%| O|  |TAMS 0x0000000082800000| PB 0x0000000082800000| Untracked |  0
|  41|0x0000000082900000, 0x0000000082a00000, 0x0000000082a00000|100%| O|  |TAMS 0x0000000082900000| PB 0x0000000082900000| Untracked |  0
|  42|0x0000000082a00000, 0x0000000082b00000, 0x0000000082b00000|100%|HS|  |TAMS 0x0000000082a00000| PB 0x0000000082a00000| Complete |  0
|  43|0x0000000082b00000, 0x0000000082c00000, 0x0000000082c00000|100%|HC|  |TAMS 0x0000000082b00000| PB 0x0000000082b00000| Complete |  0
|  44|0x0000000082c00000, 0x0000000082d00000, 0x0000000082d00000|100%|HC|  |TAMS 0x0000000082c00000| PB 0x0000000082c00000| Complete |  0
|  45|0x0000000082d00000, 0x0000000082e00000, 0x0000000082e00000|100%|HC|  |TAMS 0x0000000082d00000| PB 0x0000000082d00000| Complete |  0
|  46|0x0000000082e00000, 0x0000000082f00000, 0x0000000082f00000|100%|HC|  |TAMS 0x0000000082e00000| PB 0x0000000082e00000| Complete |  0
|  47|0x0000000082f00000, 0x0000000083000000, 0x0000000083000000|100%|HC|  |TAMS 0x0000000082f00000| PB 0x0000000082f00000| Complete |  0
|  48|0x0000000083000000, 0x0000000083100000, 0x0000000083100000|100%| O|  |TAMS 0x0000000083000000| PB 0x0000000083000000| Untracked |  0
|  49|0x0000000083100000, 0x0000000083200000, 0x0000000083200000|100%| O|  |TAMS 0x0000000083100000| PB 0x0000000083100000| Untracked |  0
|  50|0x0000000083200000, 0x0000000083300000, 0x0000000083300000|100%| O|  |TAMS 0x0000000083200000| PB 0x0000000083200000| Untracked |  0
|  51|0x0000000083300000, 0x0000000083400000, 0x0000000083400000|100%| O|  |TAMS 0x0000000083300000| PB 0x0000000083300000| Untracked |  0
|  52|0x0000000083400000, 0x0000000083500000, 0x0000000083500000|100%| O|  |TAMS 0x0000000083400000| PB 0x0000000083400000| Untracked |  0
|  53|0x0000000083500000, 0x0000000083600000, 0x0000000083600000|100%| O|  |TAMS 0x0000000083500000| PB 0x0000000083500000| Untracked |  0
|  54|0x0000000083600000, 0x0000000083700000, 0x0000000083700000|100%| O|  |TAMS 0x0000000083600000| PB 0x0000000083600000| Untracked |  0
|  55|0x0000000083700000, 0x0000000083800000, 0x0000000083800000|100%| O|  |TAMS 0x0000000083700000| PB 0x0000000083700000| Untracked |  0
|  56|0x0000000083800000, 0x0000000083900000, 0x0000000083900000|100%| O|  |TAMS 0x0000000083800000| PB 0x0000000083800000| Untracked |  0
|  57|0x0000000083900000, 0x0000000083a00000, 0x0000000083a00000|100%| O|  |TAMS 0x0000000083900000| PB 0x0000000083900000| Untracked |  0
|  58|0x0000000083a00000, 0x0000000083b00000, 0x0000000083b00000|100%| O|  |TAMS 0x0000000083a00000| PB 0x0000000083a00000| Untracked |  0
|  59|0x0000000083b00000, 0x0000000083c00000, 0x0000000083c00000|100%| O|  |TAMS 0x0000000083b00000| PB 0x0000000083b00000| Untracked |  0
|  60|0x0000000083c00000, 0x0000000083d00000, 0x0000000083d00000|100%| O|  |TAMS 0x0000000083c00000| PB 0x0000000083c00000| Untracked |  0
|  61|0x0000000083d00000, 0x0000000083e00000, 0x0000000083e00000|100%| O|  |TAMS 0x0000000083d00000| PB 0x0000000083d00000| Untracked |  0
|  62|0x0000000083e00000, 0x0000000083f00000, 0x0000000083f00000|100%| O|  |TAMS 0x0000000083e00000| PB 0x0000000083e00000| Untracked |  0
|  63|0x0000000083f00000, 0x0000000084000000, 0x0000000084000000|100%| O|  |TAMS 0x0000000083f00000| PB 0x0000000083f00000| Untracked |  0
|  64|0x0000000084000000, 0x0000000084100000, 0x0000000084100000|100%| O|  |TAMS 0x0000000084000000| PB 0x0000000084000000| Untracked |  0
|  65|0x0000000084100000, 0x0000000084200000, 0x0000000084200000|100%| O|  |TAMS 0x0000000084100000| PB 0x0000000084100000| Untracked |  0
|  66|0x0000000084200000, 0x0000000084300000, 0x0000000084300000|100%| O|  |TAMS 0x0000000084200000| PB 0x0000000084200000| Untracked |  0
|  67|0x0000000084300000, 0x0000000084400000, 0x0000000084400000|100%| O|  |TAMS 0x0000000084300000| PB 0x0000000084300000| Untracked |  0
|  68|0x0000000084400000, 0x0000000084500000, 0x0000000084500000|100%| O|  |TAMS 0x0000000084400000| PB 0x0000000084400000| Untracked |  0
|  69|0x0000000084500000, 0x0000000084600000, 0x0000000084600000|100%| O|  |TAMS 0x0000000084500000| PB 0x0000000084500000| Untracked |  0
|  70|0x0000000084600000, 0x0000000084700000, 0x0000000084700000|100%| O|  |TAMS 0x0000000084600000| PB 0x0000000084600000| Untracked |  0
|  71|0x0000000084700000, 0x0000000084800000, 0x0000000084800000|100%| O|  |TAMS 0x0000000084700000| PB 0x0000000084700000| Untracked |  0
|  72|0x0000000084800000, 0x0000000084900000, 0x0000000084900000|100%| O|  |TAMS 0x0000000084800000| PB 0x0000000084800000| Untracked |  0
|  73|0x0000000084900000, 0x0000000084a00000, 0x0000000084a00000|100%| O|  |TAMS 0x0000000084900000| PB 0x0000000084900000| Untracked |  0
|  74|0x0000000084a00000, 0x0000000084b00000, 0x0000000084b00000|100%| O|  |TAMS 0x0000000084a00000| PB 0x0000000084a00000| Untracked |  0
|  75|0x0000000084b00000, 0x0000000084b2bae8, 0x0000000084c00000| 17%| O|  |TAMS 0x0000000084b00000| PB 0x0000000084b00000| Untracked |  0
|  76|0x0000000084c00000, 0x0000000084c00000, 0x0000000084d00000|  0%| F|  |TAMS 0x0000000084c00000| PB 0x0000000084c00000| Untracked |  0
|  77|0x0000000084d00000, 0x0000000084d00000, 0x0000000084e00000|  0%| F|  |TAMS 0x0000000084d00000| PB 0x0000000084d00000| Untracked |  0
|  78|0x0000000084e00000, 0x0000000084e00000, 0x0000000084f00000|  0%| F|  |TAMS 0x0000000084e00000| PB 0x0000000084e00000| Untracked |  0
|  79|0x0000000084f00000, 0x0000000084f00000, 0x0000000085000000|  0%| F|  |TAMS 0x0000000084f00000| PB 0x0000000084f00000| Untracked |  0
|  80|0x0000000085000000, 0x0000000085000000, 0x0000000085100000|  0%| F|  |TAMS 0x0000000085000000| PB 0x0000000085000000| Untracked |  0
|  81|0x0000000085100000, 0x00000000851d1250, 0x0000000085200000| 81%| S|CS|TAMS 0x0000000085100000| PB 0x0000000085100000| Complete |  0
|  82|0x0000000085200000, 0x0000000085300000, 0x0000000085300000|100%| S|CS|TAMS 0x0000000085200000| PB 0x0000000085200000| Complete |  0
|  83|0x0000000085300000, 0x0000000085400000, 0x0000000085400000|100%| S|CS|TAMS 0x0000000085300000| PB 0x0000000085300000| Complete |  0
|  84|0x0000000085400000, 0x0000000085500000, 0x0000000085500000|100%| S|CS|TAMS 0x0000000085400000| PB 0x0000000085400000| Complete |  0
|  85|0x0000000085500000, 0x0000000085600000, 0x0000000085600000|100%| S|CS|TAMS 0x0000000085500000| PB 0x0000000085500000| Complete |  0
|  86|0x0000000085600000, 0x0000000085700000, 0x0000000085700000|100%| S|CS|TAMS 0x0000000085600000| PB 0x0000000085600000| Complete |  0
|  87|0x0000000085700000, 0x0000000085800000, 0x0000000085800000|100%| S|CS|TAMS 0x0000000085700000| PB 0x0000000085700000| Complete |  0
|  88|0x0000000085800000, 0x0000000085900000, 0x0000000085900000|100%| S|CS|TAMS 0x0000000085800000| PB 0x0000000085800000| Complete |  0
|  89|0x0000000085900000, 0x0000000085900000, 0x0000000085a00000|  0%| F|  |TAMS 0x0000000085900000| PB 0x0000000085900000| Untracked |  0
|  90|0x0000000085a00000, 0x0000000085a00000, 0x0000000085b00000|  0%| F|  |TAMS 0x0000000085a00000| PB 0x0000000085a00000| Untracked |  0
|  91|0x0000000085b00000, 0x0000000085b00000, 0x0000000085c00000|  0%| F|  |TAMS 0x0000000085b00000| PB 0x0000000085b00000| Untracked |  0
|  92|0x0000000085c00000, 0x0000000085c00000, 0x0000000085d00000|  0%| F|  |TAMS 0x0000000085c00000| PB 0x0000000085c00000| Untracked |  0
|  93|0x0000000085d00000, 0x0000000085d00000, 0x0000000085e00000|  0%| F|  |TAMS 0x0000000085d00000| PB 0x0000000085d00000| Untracked |  0
|  94|0x0000000085e00000, 0x0000000085e00000, 0x0000000085f00000|  0%| F|  |TAMS 0x0000000085e00000| PB 0x0000000085e00000| Untracked |  0
|  95|0x0000000085f00000, 0x0000000085f00000, 0x0000000086000000|  0%| F|  |TAMS 0x0000000085f00000| PB 0x0000000085f00000| Untracked |  0
|  96|0x0000000086000000, 0x0000000086000000, 0x0000000086100000|  0%| F|  |TAMS 0x0000000086000000| PB 0x0000000086000000| Untracked |  0
|  97|0x0000000086100000, 0x0000000086100000, 0x0000000086200000|  0%| F|  |TAMS 0x0000000086100000| PB 0x0000000086100000| Untracked |  0
|  98|0x0000000086200000, 0x0000000086200000, 0x0000000086300000|  0%| F|  |TAMS 0x0000000086200000| PB 0x0000000086200000| Untracked |  0
|  99|0x0000000086300000, 0x0000000086300000, 0x0000000086400000|  0%| F|  |TAMS 0x0000000086300000| PB 0x0000000086300000| Untracked |  0
| 100|0x0000000086400000, 0x0000000086400000, 0x0000000086500000|  0%| F|  |TAMS 0x0000000086400000| PB 0x0000000086400000| Untracked |  0
| 101|0x0000000086500000, 0x0000000086500000, 0x0000000086600000|  0%| F|  |TAMS 0x0000000086500000| PB 0x0000000086500000| Untracked |  0
| 102|0x0000000086600000, 0x0000000086600000, 0x0000000086700000|  0%| F|  |TAMS 0x0000000086600000| PB 0x0000000086600000| Untracked |  0
| 103|0x0000000086700000, 0x0000000086700000, 0x0000000086800000|  0%| F|  |TAMS 0x0000000086700000| PB 0x0000000086700000| Untracked |  0
| 104|0x0000000086800000, 0x0000000086872580, 0x0000000086900000| 44%| E|  |TAMS 0x0000000086800000| PB 0x0000000086800000| Complete |  0
| 105|0x0000000086900000, 0x0000000086a00000, 0x0000000086a00000|100%| E|CS|TAMS 0x0000000086900000| PB 0x0000000086900000| Complete |  0
| 106|0x0000000086a00000, 0x0000000086b00000, 0x0000000086b00000|100%| E|CS|TAMS 0x0000000086a00000| PB 0x0000000086a00000| Complete |  0
| 107|0x0000000086b00000, 0x0000000086c00000, 0x0000000086c00000|100%| E|CS|TAMS 0x0000000086b00000| PB 0x0000000086b00000| Complete |  0
| 108|0x0000000086c00000, 0x0000000086d00000, 0x0000000086d00000|100%| E|CS|TAMS 0x0000000086c00000| PB 0x0000000086c00000| Complete |  0
| 109|0x0000000086d00000, 0x0000000086e00000, 0x0000000086e00000|100%| E|CS|TAMS 0x0000000086d00000| PB 0x0000000086d00000| Complete |  0
| 110|0x0000000086e00000, 0x0000000086f00000, 0x0000000086f00000|100%| E|CS|TAMS 0x0000000086e00000| PB 0x0000000086e00000| Complete |  0
| 111|0x0000000086f00000, 0x0000000087000000, 0x0000000087000000|100%| E|CS|TAMS 0x0000000086f00000| PB 0x0000000086f00000| Complete |  0
| 112|0x0000000087000000, 0x0000000087100000, 0x0000000087100000|100%| E|CS|TAMS 0x0000000087000000| PB 0x0000000087000000| Complete |  0
| 113|0x0000000087100000, 0x0000000087200000, 0x0000000087200000|100%| E|CS|TAMS 0x0000000087100000| PB 0x0000000087100000| Complete |  0
| 114|0x0000000087200000, 0x0000000087300000, 0x0000000087300000|100%| E|CS|TAMS 0x0000000087200000| PB 0x0000000087200000| Complete |  0
| 115|0x0000000087300000, 0x0000000087400000, 0x0000000087400000|100%| E|CS|TAMS 0x0000000087300000| PB 0x0000000087300000| Complete |  0
| 116|0x0000000087400000, 0x0000000087500000, 0x0000000087500000|100%| E|CS|TAMS 0x0000000087400000| PB 0x0000000087400000| Complete |  0
| 117|0x0000000087500000, 0x0000000087600000, 0x0000000087600000|100%| E|CS|TAMS 0x0000000087500000| PB 0x0000000087500000| Complete |  0
| 118|0x0000000087600000, 0x0000000087700000, 0x0000000087700000|100%| E|CS|TAMS 0x0000000087600000| PB 0x0000000087600000| Complete |  0
| 119|0x0000000087700000, 0x0000000087800000, 0x0000000087800000|100%| E|CS|TAMS 0x0000000087700000| PB 0x0000000087700000| Complete |  0
| 120|0x0000000087800000, 0x0000000087900000, 0x0000000087900000|100%| E|CS|TAMS 0x0000000087800000| PB 0x0000000087800000| Complete |  0
| 121|0x0000000087900000, 0x0000000087a00000, 0x0000000087a00000|100%| E|CS|TAMS 0x0000000087900000| PB 0x0000000087900000| Complete |  0
| 122|0x0000000087a00000, 0x0000000087b00000, 0x0000000087b00000|100%| E|CS|TAMS 0x0000000087a00000| PB 0x0000000087a00000| Complete |  0
| 123|0x0000000087b00000, 0x0000000087c00000, 0x0000000087c00000|100%| E|CS|TAMS 0x0000000087b00000| PB 0x0000000087b00000| Complete |  0
| 124|0x0000000087c00000, 0x0000000087d00000, 0x0000000087d00000|100%| E|CS|TAMS 0x0000000087c00000| PB 0x0000000087c00000| Complete |  0
| 125|0x0000000087d00000, 0x0000000087e00000, 0x0000000087e00000|100%| E|CS|TAMS 0x0000000087d00000| PB 0x0000000087d00000| Complete |  0
| 126|0x0000000087e00000, 0x0000000087f00000, 0x0000000087f00000|100%| E|CS|TAMS 0x0000000087e00000| PB 0x0000000087e00000| Complete |  0
| 127|0x0000000087f00000, 0x0000000088000000, 0x0000000088000000|100%| E|CS|TAMS 0x0000000087f00000| PB 0x0000000087f00000| Complete |  0
| 128|0x0000000088000000, 0x0000000088100000, 0x0000000088100000|100%| E|CS|TAMS 0x0000000088000000| PB 0x0000000088000000| Complete |  0
| 129|0x0000000088100000, 0x0000000088200000, 0x0000000088200000|100%| E|CS|TAMS 0x0000000088100000| PB 0x0000000088100000| Complete |  0
| 130|0x0000000088200000, 0x0000000088300000, 0x0000000088300000|100%| E|CS|TAMS 0x0000000088200000| PB 0x0000000088200000| Complete |  0
| 131|0x0000000088300000, 0x0000000088400000, 0x0000000088400000|100%| E|  |TAMS 0x0000000088300000| PB 0x0000000088300000| Complete |  0
| 132|0x0000000088400000, 0x0000000088500000, 0x0000000088500000|100%| E|CS|TAMS 0x0000000088400000| PB 0x0000000088400000| Complete |  0
| 133|0x0000000088500000, 0x0000000088600000, 0x0000000088600000|100%| E|CS|TAMS 0x0000000088500000| PB 0x0000000088500000| Complete |  0
| 134|0x0000000088600000, 0x0000000088700000, 0x0000000088700000|100%| E|CS|TAMS 0x0000000088600000| PB 0x0000000088600000| Complete |  0
| 135|0x0000000088700000, 0x0000000088800000, 0x0000000088800000|100%| E|CS|TAMS 0x0000000088700000| PB 0x0000000088700000| Complete |  0
| 136|0x0000000088800000, 0x0000000088900000, 0x0000000088900000|100%| E|CS|TAMS 0x0000000088800000| PB 0x0000000088800000| Complete |  0
| 137|0x0000000088900000, 0x0000000088a00000, 0x0000000088a00000|100%| E|CS|TAMS 0x0000000088900000| PB 0x0000000088900000| Complete |  0
| 138|0x0000000088a00000, 0x0000000088b00000, 0x0000000088b00000|100%| E|CS|TAMS 0x0000000088a00000| PB 0x0000000088a00000| Complete |  0
| 139|0x0000000088b00000, 0x0000000088c00000, 0x0000000088c00000|100%| E|CS|TAMS 0x0000000088b00000| PB 0x0000000088b00000| Complete |  0
| 140|0x0000000088c00000, 0x0000000088d00000, 0x0000000088d00000|100%| E|CS|TAMS 0x0000000088c00000| PB 0x0000000088c00000| Complete |  0
| 141|0x0000000088d00000, 0x0000000088e00000, 0x0000000088e00000|100%| E|CS|TAMS 0x0000000088d00000| PB 0x0000000088d00000| Complete |  0
| 142|0x0000000088e00000, 0x0000000088f00000, 0x0000000088f00000|100%| E|CS|TAMS 0x0000000088e00000| PB 0x0000000088e00000| Complete |  0
| 143|0x0000000088f00000, 0x0000000089000000, 0x0000000089000000|100%| E|CS|TAMS 0x0000000088f00000| PB 0x0000000088f00000| Complete |  0
| 144|0x0000000089000000, 0x0000000089100000, 0x0000000089100000|100%| E|CS|TAMS 0x0000000089000000| PB 0x0000000089000000| Complete |  0
|2032|0x00000000ff000000, 0x00000000ff100000, 0x00000000ff100000|100%| E|CS|TAMS 0x00000000ff000000| PB 0x00000000ff000000| Complete |  0
|2033|0x00000000ff100000, 0x00000000ff200000, 0x00000000ff200000|100%| E|CS|TAMS 0x00000000ff100000| PB 0x00000000ff100000| Complete |  0
|2034|0x00000000ff200000, 0x00000000ff300000, 0x00000000ff300000|100%| E|CS|TAMS 0x00000000ff200000| PB 0x00000000ff200000| Complete |  0
|2035|0x00000000ff300000, 0x00000000ff400000, 0x00000000ff400000|100%| E|CS|TAMS 0x00000000ff300000| PB 0x00000000ff300000| Complete |  0
|2036|0x00000000ff400000, 0x00000000ff500000, 0x00000000ff500000|100%| E|CS|TAMS 0x00000000ff400000| PB 0x00000000ff400000| Complete |  0
|2037|0x00000000ff500000, 0x00000000ff600000, 0x00000000ff600000|100%| E|CS|TAMS 0x00000000ff500000| PB 0x00000000ff500000| Complete |  0
|2038|0x00000000ff600000, 0x00000000ff700000, 0x00000000ff700000|100%| O|  |TAMS 0x00000000ff600000| PB 0x00000000ff600000| Untracked |  0
|2039|0x00000000ff700000, 0x00000000ff800000, 0x00000000ff800000|100%| O|  |TAMS 0x00000000ff700000| PB 0x00000000ff700000| Untracked |  0
|2040|0x00000000ff800000, 0x00000000ff900000, 0x00000000ff900000|100%| O|  |TAMS 0x00000000ff800000| PB 0x00000000ff800000| Untracked |  0
|2041|0x00000000ff900000, 0x00000000ffa00000, 0x00000000ffa00000|100%| O|  |TAMS 0x00000000ff900000| PB 0x00000000ff900000| Untracked |  0
|2042|0x00000000ffa00000, 0x00000000ffb00000, 0x00000000ffb00000|100%| O|  |TAMS 0x00000000ffa00000| PB 0x00000000ffa00000| Untracked |  0
|2043|0x00000000ffb00000, 0x00000000ffc00000, 0x00000000ffc00000|100%| O|  |TAMS 0x00000000ffb00000| PB 0x00000000ffb00000| Untracked |  0
|2044|0x00000000ffc00000, 0x00000000ffd00000, 0x00000000ffd00000|100%| O|  |TAMS 0x00000000ffc00000| PB 0x00000000ffc00000| Untracked |  0
|2045|0x00000000ffd00000, 0x00000000ffe00000, 0x00000000ffe00000|100%| O|  |TAMS 0x00000000ffd00000| PB 0x00000000ffd00000| Untracked |  0
|2046|0x00000000ffe00000, 0x00000000fff00000, 0x00000000fff00000|100%| O|  |TAMS 0x00000000ffe00000| PB 0x00000000ffe00000| Untracked |  0
|2047|0x00000000fff00000, 0x0000000100000000, 0x0000000100000000|100%| O|  |TAMS 0x00000000fff00000| PB 0x00000000fff00000| Untracked |  0

Card table byte_map: [0x000001ebed560000,0x000001ebed960000] _byte_map_base: 0x000001ebed160000

Marking Bits: (CMBitMap*) 0x000001ebd51901e0
 Bits: [0x000001ebed960000, 0x000001ebef960000)

Polling page: 0x000001ebd38a0000

Metaspace:

Usage:
  Non-class:     98.07 MB used.
      Class:     15.24 MB used.
       Both:    113.31 MB used.

Virtual space:
  Non-class space:      128.00 MB reserved,      99.31 MB ( 78%) committed,  2 nodes.
      Class space:        1.00 GB reserved,      16.38 MB (  2%) committed,  1 nodes.
             Both:        1.12 GB reserved,     115.69 MB ( 10%) committed. 

Chunk freelists:
   Non-Class:  12.39 MB
       Class:  15.45 MB
        Both:  27.84 MB

MaxMetaspaceSize: unlimited
CompressedClassSpaceSize: 1.00 GB
Initial GC threshold: 21.00 MB
Current GC threshold: 173.56 MB
CDS: on
 - commit_granule_bytes: 65536.
 - commit_granule_words: 8192.
 - virtual_space_node_default_size: 8388608.
 - enlarge_chunks_in_place: 1.
 - use_allocation_guard: 0.


Internal statistics:

num_allocs_failed_limit: 9.
num_arena_births: 4220.
num_arena_deaths: 0.
num_vsnodes_births: 3.
num_vsnodes_deaths: 0.
num_space_committed: 1850.
num_space_uncommitted: 0.
num_chunks_returned_to_freelist: 9.
num_chunks_taken_from_freelist: 8989.
num_chunk_merges: 6.
num_chunk_splits: 6320.
num_chunks_enlarged: 4415.
num_inconsistent_stats: 0.

CodeHeap 'non-profiled nmethods': size=120000Kb used=5602Kb max_used=5602Kb free=114397Kb
 bounds [0x000001ebe4fb0000, 0x000001ebe5530000, 0x000001ebec4e0000]
CodeHeap 'profiled nmethods': size=120000Kb used=19879Kb max_used=19879Kb free=100120Kb
 bounds [0x000001ebdd4e0000, 0x000001ebde850000, 0x000001ebe4a10000]
CodeHeap 'non-nmethods': size=5760Kb used=3084Kb max_used=3129Kb free=2675Kb
 bounds [0x000001ebe4a10000, 0x000001ebe4d30000, 0x000001ebe4fb0000]
 total_blobs=11498 nmethods=10363 adapters=1037
 compilation: enabled
              stopped_count=0, restarted_count=0
 full_count=0

Compilation events (20 events):
Event: 46.866 Thread 0x000001ebc517af70 11654       3       org.gradle.internal.snapshot.impl.DirectorySnapshotter$PathVisitor::visitResolvedFile (44 bytes)
Event: 46.866 Thread 0x000001ebc517af70 nmethod 11654 0x000001ebde7bd590 code [0x000001ebde7bd7c0, 0x000001ebde7bdf00]
Event: 46.866 Thread 0x000001ebc517af70 11655       3       org.gradle.internal.snapshot.impl.DirectorySnapshotter$DefaultExcludes$$Lambda/0x000001eb8128a800::test (8 bytes)
Event: 46.867 Thread 0x000001ebc517af70 nmethod 11655 0x000001ebde7be210 code [0x000001ebde7be3c0, 0x000001ebde7be600]
Event: 46.867 Thread 0x000001ebc517af70 11657       3       org.gradle.internal.snapshot.impl.DirectorySnapshotter$DefaultExcludes$EndMatcher::test (9 bytes)
Event: 46.867 Thread 0x000001ebc517af70 nmethod 11657 0x000001ebde7be710 code [0x000001ebde7be8e0, 0x000001ebde7bec90]
Event: 46.867 Thread 0x000001ebc517af70 11658       3       org.gradle.tooling.internal.provider.runner.TaskForTestEventTracker::finished (25 bytes)
Event: 46.867 Thread 0x000001ebc517af70 nmethod 11658 0x000001ebde7bee90 code [0x000001ebde7bf040, 0x000001ebde7bf350]
Event: 46.867 Thread 0x000001ebc517af70 11666       1       com.google.common.collect.ImmutableSortedMap::access$200 (5 bytes)
Event: 46.867 Thread 0x000001ebc517af70 nmethod 11666 0x000001ebe54fc390 code [0x000001ebe54fc520, 0x000001ebe54fc5d0]
Event: 46.867 Thread 0x000001ebc517af70 11665       1       org.gradle.internal.execution.UnitOfWork$OutputFileValueSupplier::getFiles (5 bytes)
Event: 46.868 Thread 0x000001ebc517af70 nmethod 11665 0x000001ebe54fc690 code [0x000001ebe54fc820, 0x000001ebe54fc8e8]
Event: 46.868 Thread 0x000001ebc517af70 11662       1       org.gradle.internal.execution.impl.DefaultOutputSnapshotter::access$000 (5 bytes)
Event: 46.868 Thread 0x000001ebc9eba1f0 nmethod 11660 0x000001ebe54fc990 code [0x000001ebe54fcba0, 0x000001ebe54fd258]
Event: 46.868 Thread 0x000001ebc9eba1f0 11632   !   4       java.io.ObjectOutputStream::writeObject0 (620 bytes)
Event: 46.874 Thread 0x000001ebc517af70 nmethod 11662 0x000001ebe54fd890 code [0x000001ebe54fda20, 0x000001ebe54fdad0]
Event: 46.874 Thread 0x000001ebc517af70 11663       1       com.google.common.collect.ImmutableSortedMap::access$300 (5 bytes)
Event: 46.874 Thread 0x000001ebc517af70 nmethod 11663 0x000001ebe54fdb90 code [0x000001ebe54fdd20, 0x000001ebe54fddd0]
Event: 46.874 Thread 0x000001ebc517af70 11659       1       org.gradle.internal.execution.workspace.impl.CacheBasedImmutableWorkspaceProvider$1::getImmutableLocation (5 bytes)
Event: 46.874 Thread 0x000001ebc517af70 nmethod 11659 0x000001ebe54fde90 code [0x000001ebe54fe020, 0x000001ebe54fe0e8]

GC Heap History (20 events):
Event: 15.127 GC heap before
{Heap before GC invocations=21 (full 0):
 garbage-first heap   total reserved 2097152K, committed 115712K, used 107135K [0x0000000080000000, 0x0000000100000000)
  region size 1024K, 42 young (43008K), 6 survivors (6144K)
 Metaspace       used 76680K, committed 78720K, reserved 1179648K
  class space    used 11148K, committed 12096K, reserved 1048576K
}
Event: 15.134 GC heap after
{Heap after GC invocations=22 (full 0):
 garbage-first heap   total reserved 2097152K, committed 119808K, used 74318K [0x0000000080000000, 0x0000000100000000)
  region size 1024K, 4 young (4096K), 4 survivors (4096K)
 Metaspace       used 76680K, committed 78720K, reserved 1179648K
  class space    used 11148K, committed 12096K, reserved 1048576K
}
Event: 15.449 GC heap before
{Heap before GC invocations=22 (full 0):
 garbage-first heap   total reserved 2097152K, committed 119808K, used 106062K [0x0000000080000000, 0x0000000100000000)
  region size 1024K, 35 young (35840K), 4 survivors (4096K)
 Metaspace       used 80194K, committed 82240K, reserved 1179648K
  class space    used 11464K, committed 12416K, reserved 1048576K
}
Event: 15.454 GC heap after
{Heap after GC invocations=23 (full 0):
 garbage-first heap   total reserved 2097152K, committed 119808K, used 75916K [0x0000000080000000, 0x0000000100000000)
  region size 1024K, 2 young (2048K), 2 survivors (2048K)
 Metaspace       used 80194K, committed 82240K, reserved 1179648K
  class space    used 11464K, committed 12416K, reserved 1048576K
}
Event: 15.902 GC heap before
{Heap before GC invocations=24 (full 0):
 garbage-first heap   total reserved 2097152K, committed 126976K, used 106636K [0x0000000080000000, 0x0000000100000000)
  region size 1024K, 33 young (33792K), 2 survivors (2048K)
 Metaspace       used 83564K, committed 85952K, reserved 1179648K
  class space    used 11911K, committed 13056K, reserved 1048576K
}
Event: 15.906 GC heap after
{Heap after GC invocations=25 (full 0):
 garbage-first heap   total reserved 2097152K, committed 126976K, used 76736K [0x0000000080000000, 0x0000000100000000)
  region size 1024K, 4 young (4096K), 4 survivors (4096K)
 Metaspace       used 83564K, committed 85952K, reserved 1179648K
  class space    used 11911K, committed 13056K, reserved 1048576K
}
Event: 16.553 GC heap before
{Heap before GC invocations=25 (full 0):
 garbage-first heap   total reserved 2097152K, committed 126976K, used 114624K [0x0000000080000000, 0x0000000100000000)
  region size 1024K, 41 young (41984K), 4 survivors (4096K)
 Metaspace       used 88299K, committed 90688K, reserved 1179648K
  class space    used 12510K, committed 13696K, reserved 1048576K
}
Event: 16.557 GC heap after
{Heap after GC invocations=26 (full 0):
 garbage-first heap   total reserved 2097152K, committed 126976K, used 77694K [0x0000000080000000, 0x0000000100000000)
  region size 1024K, 4 young (4096K), 4 survivors (4096K)
 Metaspace       used 88299K, committed 90688K, reserved 1179648K
  class space    used 12510K, committed 13696K, reserved 1048576K
}
Event: 17.041 GC heap before
{Heap before GC invocations=26 (full 0):
 garbage-first heap   total reserved 2097152K, committed 126976K, used 113534K [0x0000000080000000, 0x0000000100000000)
  region size 1024K, 40 young (40960K), 4 survivors (4096K)
 Metaspace       used 92583K, committed 95040K, reserved 1179648K
  class space    used 13078K, committed 14272K, reserved 1048576K
}
Event: 17.047 GC heap after
{Heap after GC invocations=27 (full 0):
 garbage-first heap   total reserved 2097152K, committed 126976K, used 80577K [0x0000000080000000, 0x0000000100000000)
  region size 1024K, 5 young (5120K), 5 survivors (5120K)
 Metaspace       used 92583K, committed 95040K, reserved 1179648K
  class space    used 13078K, committed 14272K, reserved 1048576K
}
Event: 17.307 GC heap before
{Heap before GC invocations=28 (full 0):
 garbage-first heap   total reserved 2097152K, committed 137216K, used 114369K [0x0000000080000000, 0x0000000100000000)
  region size 1024K, 37 young (37888K), 5 survivors (5120K)
 Metaspace       used 92704K, committed 95168K, reserved 1179648K
  class space    used 13078K, committed 14272K, reserved 1048576K
}
Event: 17.310 GC heap after
{Heap after GC invocations=29 (full 0):
 garbage-first heap   total reserved 2097152K, committed 137216K, used 82196K [0x0000000080000000, 0x0000000100000000)
  region size 1024K, 5 young (5120K), 5 survivors (5120K)
 Metaspace       used 92704K, committed 95168K, reserved 1179648K
  class space    used 13078K, committed 14272K, reserved 1048576K
}
Event: 18.027 GC heap before
{Heap before GC invocations=29 (full 0):
 garbage-first heap   total reserved 2097152K, committed 137216K, used 122132K [0x0000000080000000, 0x0000000100000000)
  region size 1024K, 44 young (45056K), 5 survivors (5120K)
 Metaspace       used 96344K, committed 98752K, reserved 1179648K
  class space    used 13509K, committed 14656K, reserved 1048576K
}
Event: 18.031 GC heap after
{Heap after GC invocations=30 (full 0):
 garbage-first heap   total reserved 2097152K, committed 164864K, used 83766K [0x0000000080000000, 0x0000000100000000)
  region size 1024K, 5 young (5120K), 5 survivors (5120K)
 Metaspace       used 96344K, committed 98752K, reserved 1179648K
  class space    used 13509K, committed 14656K, reserved 1048576K
}
Event: 18.860 GC heap before
{Heap before GC invocations=30 (full 0):
 garbage-first heap   total reserved 2097152K, committed 164864K, used 144182K [0x0000000080000000, 0x0000000100000000)
  region size 1024K, 65 young (66560K), 5 survivors (5120K)
 Metaspace       used 103535K, committed 106048K, reserved 1179648K
  class space    used 14349K, committed 15552K, reserved 1048576K
}
Event: 18.865 GC heap after
{Heap after GC invocations=31 (full 0):
 garbage-first heap   total reserved 2097152K, committed 164864K, used 88089K [0x0000000080000000, 0x0000000100000000)
  region size 1024K, 9 young (9216K), 9 survivors (9216K)
 Metaspace       used 103535K, committed 106048K, reserved 1179648K
  class space    used 14349K, committed 15552K, reserved 1048576K
}
Event: 19.530 GC heap before
{Heap before GC invocations=32 (full 0):
 garbage-first heap   total reserved 2097152K, committed 164864K, used 145433K [0x0000000080000000, 0x0000000100000000)
  region size 1024K, 65 young (66560K), 9 survivors (9216K)
 Metaspace       used 112336K, committed 114816K, reserved 1179648K
  class space    used 15134K, committed 16320K, reserved 1048576K
}
Event: 19.535 GC heap after
{Heap after GC invocations=33 (full 0):
 garbage-first heap   total reserved 2097152K, committed 164864K, used 90103K [0x0000000080000000, 0x0000000100000000)
  region size 1024K, 7 young (7168K), 7 survivors (7168K)
 Metaspace       used 112336K, committed 114816K, reserved 1179648K
  class space    used 15134K, committed 16320K, reserved 1048576K
}
Event: 45.640 GC heap before
{Heap before GC invocations=33 (full 0):
 garbage-first heap   total reserved 2097152K, committed 164864K, used 146423K [0x0000000080000000, 0x0000000100000000)
  region size 1024K, 63 young (64512K), 7 survivors (7168K)
 Metaspace       used 115523K, committed 117952K, reserved 1179648K
  class space    used 15552K, committed 16704K, reserved 1048576K
}
Event: 45.679 GC heap after
{Heap after GC invocations=34 (full 0):
 garbage-first heap   total reserved 2097152K, committed 164864K, used 95219K [0x0000000080000000, 0x0000000100000000)
  region size 1024K, 8 young (8192K), 8 survivors (8192K)
 Metaspace       used 115523K, committed 117952K, reserved 1179648K
  class space    used 15552K, committed 16704K, reserved 1048576K
}

Dll operation events (15 events):
Event: 0.018 Loaded shared library C:\Program Files\Java\jdk-22.0.1\bin\java.dll
Event: 0.049 Loaded shared library C:\Program Files\Java\jdk-22.0.1\bin\jsvml.dll
Event: 0.086 Loaded shared library C:\Program Files\Java\jdk-22.0.1\bin\zip.dll
Event: 0.090 Loaded shared library C:\Program Files\Java\jdk-22.0.1\bin\instrument.dll
Event: 0.093 Loaded shared library C:\Program Files\Java\jdk-22.0.1\bin\net.dll
Event: 0.095 Loaded shared library C:\Program Files\Java\jdk-22.0.1\bin\nio.dll
Event: 0.098 Loaded shared library C:\Program Files\Java\jdk-22.0.1\bin\zip.dll
Event: 0.616 Loaded shared library C:\Program Files\Java\jdk-22.0.1\bin\jimage.dll
Event: 0.827 Loaded shared library C:\Program Files\Java\jdk-22.0.1\bin\verify.dll
Event: 1.016 Loaded shared library C:\Users\USER\.gradle\native\1def1411415f61bf3af743bc5b6707747c0891f09f0c88961ee8f79bc544acac\windows-amd64\native-platform.dll
Event: 1.040 Loaded shared library C:\Users\USER\.gradle\native\0.2.7\x86_64-windows-gnu\gradle-fileevents.dll
Event: 2.788 Loaded shared library C:\Program Files\Java\jdk-22.0.1\bin\management.dll
Event: 2.814 Loaded shared library C:\Program Files\Java\jdk-22.0.1\bin\management_ext.dll
Event: 3.497 Loaded shared library C:\Program Files\Java\jdk-22.0.1\bin\extnet.dll
Event: 4.153 Loaded shared library C:\Program Files\Java\jdk-22.0.1\bin\sunmscapi.dll

Deoptimization events (20 events):
Event: 38.300 Thread 0x000001ebc6e576f0 DEOPT PACKING pc=0x000001ebe54aa810 sp=0x0000007a0bef7600
Event: 38.300 Thread 0x000001ebc6e576f0 DEOPT UNPACKING pc=0x000001ebe4a646a2 sp=0x0000007a0bef7500 mode 2
Event: 38.300 Thread 0x000001ebc6e576f0 Uncommon trap: trap_request=0xffffffde fr.pc=0x000001ebe54aa810 relative=0x0000000000000610
Event: 38.300 Thread 0x000001ebc6e576f0 Uncommon trap: reason=class_check action=maybe_recompile pc=0x000001ebe54aa810 method=com.google.common.collect.Sets$1$1.computeNext()Ljava/lang/Object; @ 4 c2
Event: 38.300 Thread 0x000001ebc6e576f0 DEOPT PACKING pc=0x000001ebe54aa810 sp=0x0000007a0bef7600
Event: 38.300 Thread 0x000001ebc6e576f0 DEOPT UNPACKING pc=0x000001ebe4a646a2 sp=0x0000007a0bef7500 mode 2
Event: 38.300 Thread 0x000001ebc6e576f0 Uncommon trap: trap_request=0xffffffde fr.pc=0x000001ebe54aa810 relative=0x0000000000000610
Event: 38.300 Thread 0x000001ebc6e576f0 Uncommon trap: reason=class_check action=maybe_recompile pc=0x000001ebe54aa810 method=com.google.common.collect.Sets$1$1.computeNext()Ljava/lang/Object; @ 4 c2
Event: 38.300 Thread 0x000001ebc6e576f0 DEOPT PACKING pc=0x000001ebe54aa810 sp=0x0000007a0bef7600
Event: 38.300 Thread 0x000001ebc6e576f0 DEOPT UNPACKING pc=0x000001ebe4a646a2 sp=0x0000007a0bef7500 mode 2
Event: 45.679 Thread 0x000001ebc6e576f0 Uncommon trap: trap_request=0xffffff45 fr.pc=0x000001ebe522dc88 relative=0x0000000000000228
Event: 45.679 Thread 0x000001ebc6e576f0 Uncommon trap: reason=unstable_if action=reinterpret pc=0x000001ebe522dc88 method=org.gradle.internal.snapshot.PathUtil.equalChars(CCLorg/gradle/internal/snapshot/CaseSensitivity;)Z @ 11 c2
Event: 45.679 Thread 0x000001ebc6e576f0 DEOPT PACKING pc=0x000001ebe522dc88 sp=0x0000007a0bef2cc0
Event: 45.679 Thread 0x000001ebc6e576f0 DEOPT UNPACKING pc=0x000001ebe4a646a2 sp=0x0000007a0bef2c48 mode 2
Event: 45.679 Thread 0x000001ebc6e576f0 Uncommon trap: trap_request=0xffffff45 fr.pc=0x000001ebe5459b88 relative=0x0000000000000068
Event: 45.679 Thread 0x000001ebc6e576f0 Uncommon trap: reason=unstable_if action=reinterpret pc=0x000001ebe5459b88 method=org.gradle.internal.snapshot.PathUtil.compareCharsIgnoringCase(CC)I @ 11 c2
Event: 45.679 Thread 0x000001ebc6e576f0 DEOPT PACKING pc=0x000001ebe5459b88 sp=0x0000007a0bef2a90
Event: 45.679 Thread 0x000001ebc6e576f0 DEOPT UNPACKING pc=0x000001ebe4a646a2 sp=0x0000007a0bef2a30 mode 2
Event: 45.712 Thread 0x000001ebc6e55cb0 DEOPT PACKING pc=0x000001ebdd4ea03b sp=0x0000007a0c4fe580
Event: 45.712 Thread 0x000001ebc6e55cb0 DEOPT UNPACKING pc=0x000001ebe4a64e42 sp=0x0000007a0c4fda08 mode 0

Classes loaded (20 events):
Event: 19.654 Loading class sun/nio/ch/ChannelOutputStream
Event: 19.654 Loading class sun/nio/ch/ChannelOutputStream done
Event: 22.368 Loading class java/util/zip/ZipInputStream
Event: 22.368 Loading class java/util/zip/ZipInputStream done
Event: 22.920 Loading class java/io/CharArrayWriter
Event: 22.920 Loading class java/io/CharArrayWriter done
Event: 31.459 Loading class java/nio/file/StandardCopyOption
Event: 31.459 Loading class java/nio/file/StandardCopyOption done
Event: 31.459 Loading class sun/nio/fs/WindowsFileCopy
Event: 31.459 Loading class sun/nio/fs/WindowsFileCopy done
Event: 32.167 Loading class sun/reflect/ReflectionFactory
Event: 32.168 Loading class sun/reflect/ReflectionFactory done
Event: 32.168 Loading class sun/reflect/ReflectionFactory$1
Event: 32.168 Loading class sun/reflect/ReflectionFactory$1 done
Event: 33.640 Loading class java/util/Collections$ReverseComparator
Event: 33.640 Loading class java/util/Collections$ReverseComparator done
Event: 33.640 Loading class java/util/Collections$ReverseComparator2
Event: 33.640 Loading class java/util/Collections$ReverseComparator2 done
Event: 34.680 Loading class java/util/LinkedList$LLSpliterator
Event: 34.680 Loading class java/util/LinkedList$LLSpliterator done

Classes unloaded (0 events):
No events

Classes redefined (0 events):
No events

Internal exceptions (20 events):
Event: 19.109 Thread 0x000001ebc6e576f0 Exception <a 'java/lang/NoSuchMethodError'{0x0000000087f7de40}: 'java.lang.Object java.lang.invoke.DirectMethodHandle$Holder.invokeStatic(java.lang.Object, java.lang.Object, int, java.lang.Object, java.lang.Object)'> (0x0000000087f7de40) 
thrown [s\open\src\hotspot\share\interpreter\linkResolver.cpp, line 774]
Event: 19.437 Thread 0x000001ebc6e576f0 Exception <a 'java/lang/NoSuchMethodError'{0x000000008631ae08}: 'java.lang.Object java.lang.invoke.DirectMethodHandle$Holder.invokeStatic(java.lang.Object, int, int)'> (0x000000008631ae08) 
thrown [s\open\src\hotspot\share\interpreter\linkResolver.cpp, line 774]
Event: 19.495 Thread 0x000001ebc6e576f0 Exception <a 'java/lang/NoSuchMethodError'{0x0000000085fe1d18}: 'java.lang.Object java.lang.invoke.DirectMethodHandle$Holder.invokeStatic(java.lang.Object, java.lang.Object, int, int)'> (0x0000000085fe1d18) 
thrown [s\open\src\hotspot\share\interpreter\linkResolver.cpp, line 774]
Event: 19.586 Thread 0x000001ebc6e576f0 Exception <a 'java/lang/NoSuchMethodError'{0x00000000ff2559b0}: 'void java.lang.invoke.DirectMethodHandle$Holder.invokeStaticInit(java.lang.Object, java.lang.Object, java.lang.Object, java.lang.Object, java.lang.Object, java.lang.Object, java.lang.Object, int)'> (0x00000000ff2559b0) 
thrown [s\open\src\hotspot\share\interpreter\linkResolver.cpp, line 774]
Event: 19.629 Thread 0x000001ebc6e576f0 Exception <a 'sun/nio/fs/WindowsException'{0x00000000890a5530}> (0x00000000890a5530) 
thrown [s\open\src\hotspot\share\prims\jni.cpp, line 520]
Event: 19.630 Thread 0x000001ebc6e576f0 Exception <a 'sun/nio/fs/WindowsException'{0x00000000890a7208}> (0x00000000890a7208) 
thrown [s\open\src\hotspot\share\prims\jni.cpp, line 520]
Event: 19.653 Thread 0x000001ebc6e576f0 Exception <a 'sun/nio/fs/WindowsException'{0x0000000088fcad00}> (0x0000000088fcad00) 
thrown [s\open\src\hotspot\share\prims\jni.cpp, line 520]
Event: 22.366 Thread 0x000001ebc6e576f0 Exception <a 'sun/nio/fs/WindowsException'{0x0000000088fd4018}> (0x0000000088fd4018) 
thrown [s\open\src\hotspot\share\prims\jni.cpp, line 520]
Event: 22.893 Thread 0x000001ebc6e576f0 Exception <a 'sun/nio/fs/WindowsException'{0x0000000088fe7ad8}> (0x0000000088fe7ad8) 
thrown [s\open\src\hotspot\share\prims\jni.cpp, line 520]
Event: 31.787 Thread 0x000001ebc6e576f0 Exception <a 'sun/nio/fs/WindowsException'{0x0000000088c888f0}> (0x0000000088c888f0) 
thrown [s\open\src\hotspot\share\prims\jni.cpp, line 520]
Event: 32.138 Thread 0x000001ebc6e576f0 Exception <a 'java/lang/NoSuchMethodError'{0x00000000889ae558}: static Lorg/gradle/api/internal/catalog/DefaultVersionCatalog;.<clinit>()V> (0x00000000889ae558) 
thrown [s\open\src\hotspot\share\prims\jni.cpp, line 1111]
Event: 32.143 Thread 0x000001ebc6e576f0 Exception <a 'java/lang/NoSuchMethodError'{0x00000000889df768}: static [Ljava/lang/Object;.<clinit>()V> (0x00000000889df768) 
thrown [s\open\src\hotspot\share\prims\jni.cpp, line 1111]
Event: 32.147 Thread 0x000001ebc6e576f0 Exception <a 'java/lang/NoSuchMethodError'{0x00000000888029f0}: static Lorg/gradle/api/internal/catalog/DependencyModel;.<clinit>()V> (0x00000000888029f0) 
thrown [s\open\src\hotspot\share\prims\jni.cpp, line 1111]
Event: 32.148 Thread 0x000001ebc6e576f0 Exception <a 'java/lang/NoSuchMethodError'{0x0000000088806770}: static Lorg/gradle/api/internal/catalog/AbstractContextAwareModel;.<clinit>()V> (0x0000000088806770) 
thrown [s\open\src\hotspot\share\prims\jni.cpp, line 1111]
Event: 32.149 Thread 0x000001ebc6e576f0 Exception <a 'java/lang/NoSuchMethodError'{0x000000008881c510}: static Lorg/gradle/api/internal/artifacts/dependencies/AbstractVersionConstraint;.<clinit>()V> (0x000000008881c510) 
thrown [s\open\src\hotspot\share\prims\jni.cpp, line 1111]
Event: 32.153 Thread 0x000001ebc6e576f0 Exception <a 'java/lang/NoSuchMethodError'{0x0000000088864a78}: static Lorg/gradle/api/internal/catalog/PluginModel;.<clinit>()V> (0x0000000088864a78) 
thrown [s\open\src\hotspot\share\prims\jni.cpp, line 1111]
Event: 32.154 Thread 0x000001ebc6e576f0 Exception <a 'java/lang/NoSuchMethodError'{0x0000000088879758}: static Lorg/gradle/api/internal/catalog/VersionModel;.<clinit>()V> (0x0000000088879758) 
thrown [s\open\src\hotspot\share\prims\jni.cpp, line 1111]
Event: 32.375 Thread 0x000001ebc6e576f0 Exception <a 'java/lang/NoSuchMethodError'{0x00000000884d4d48}: 'int java.lang.invoke.DirectMethodHandle$Holder.invokeSpecialIFC(java.lang.Object, java.lang.Object, java.lang.Object)'> (0x00000000884d4d48) 
thrown [s\open\src\hotspot\share\interpreter\linkResolver.cpp, line 774]
Event: 32.442 Thread 0x000001ebc6e576f0 Exception <a 'java/lang/NoSuchMethodError'{0x0000000088071010}: 'void java.lang.invoke.DirectMethodHandle$Holder.invokeStatic(java.lang.Object, java.lang.Object, java.lang.Object, int, java.lang.Object)'> (0x0000000088071010) 
thrown [s\open\src\hotspot\share\interpreter\linkResolver.cpp, line 774]
Event: 34.681 Thread 0x000001ebc6e576f0 Exception <a 'java/lang/IncompatibleClassChangeError'{0x0000000086b993d8}: Found class java.lang.Object, but interface was expected> (0x0000000086b993d8) 
thrown [s\open\src\hotspot\share\interpreter\linkResolver.cpp, line 841]

ZGC Phase Switch (0 events):
No events

VM Operations (20 events):
Event: 32.172 Executing VM operation: HandshakeAllThreads (Deoptimize)
Event: 32.172 Executing VM operation: HandshakeAllThreads (Deoptimize) done
Event: 32.378 Executing VM operation: HandshakeAllThreads (Deoptimize)
Event: 32.378 Executing VM operation: HandshakeAllThreads (Deoptimize) done
Event: 33.266 Executing VM operation: ICBufferFull
Event: 33.267 Executing VM operation: ICBufferFull done
Event: 33.857 Executing VM operation: ICBufferFull
Event: 33.857 Executing VM operation: ICBufferFull done
Event: 34.872 Executing VM operation: Cleanup
Event: 34.872 Executing VM operation: Cleanup done
Event: 35.883 Executing VM operation: Cleanup
Event: 35.883 Executing VM operation: Cleanup done
Event: 38.910 Executing VM operation: Cleanup
Event: 38.911 Executing VM operation: Cleanup done
Event: 43.977 Executing VM operation: Cleanup
Event: 43.977 Executing VM operation: Cleanup done
Event: 45.640 Executing VM operation: G1CollectForAllocation (G1 Evacuation Pause)
Event: 45.679 Executing VM operation: G1CollectForAllocation (G1 Evacuation Pause) done
Event: 46.685 Executing VM operation: Cleanup
Event: 46.857 Executing VM operation: Cleanup done

Events (20 events):
Event: 34.765 Thread 0x000001ebcbd182c0 Thread added: 0x000001ebcbd182c0
Event: 34.765 Thread 0x000001ebcbd18fe0 Thread added: 0x000001ebcbd18fe0
Event: 34.765 Thread 0x000001ebcbd17c30 Thread added: 0x000001ebcbd17c30
Event: 34.766 Thread 0x000001ebcbd1d180 Thread added: 0x000001ebcbd1d180
Event: 34.766 Thread 0x000001ebcbd1dea0 Thread added: 0x000001ebcbd1dea0
Event: 34.766 Thread 0x000001ebcbd1b740 Thread added: 0x000001ebcbd1b740
Event: 34.766 Thread 0x000001ebcbd1c460 Thread added: 0x000001ebcbd1c460
Event: 34.766 Thread 0x000001ebcbd1d810 Thread added: 0x000001ebcbd1d810
Event: 45.639 Thread 0x000001ebcbd1bdd0 Thread added: 0x000001ebcbd1bdd0
Event: 45.680 Thread 0x000001ebcbd1e530 Thread added: 0x000001ebcbd1e530
Event: 45.683 Thread 0x000001ebcbd1caf0 Thread added: 0x000001ebcbd1caf0
Event: 45.686 Thread 0x000001ebc86a3840 Thread added: 0x000001ebc86a3840
Event: 45.689 Thread 0x000001ebc86a2b20 Thread added: 0x000001ebc86a2b20
Event: 45.693 Thread 0x000001ebc86a4560 Thread added: 0x000001ebc86a4560
Event: 45.697 Thread 0x000001ebc86a4bf0 Thread added: 0x000001ebc86a4bf0
Event: 45.702 Thread 0x000001ebc748f350 Thread added: 0x000001ebc748f350
Event: 45.705 Thread 0x000001ebc57df950 Thread added: 0x000001ebc57df950
Event: 45.707 Thread 0x000001ebc57dd880 Thread added: 0x000001ebc57dd880
Event: 45.710 Thread 0x000001ebc57ddf10 Thread added: 0x000001ebc57ddf10
Event: 45.739 Thread 0x000001ebc9eba1f0 Thread added: 0x000001ebc9eba1f0


Dynamic libraries:
0x00007ff6f4700000 - 0x00007ff6f4710000 	C:\Program Files\Java\jdk-22.0.1\bin\java.exe
0x00007ff916600000 - 0x00007ff916868000 	C:\WINDOWS\SYSTEM32\ntdll.dll
0x00007ff8ea690000 - 0x00007ff8ea6b0000 	C:\Program Files\AVG\Antivirus\aswhook.dll
0x00007ff915770000 - 0x00007ff915839000 	C:\WINDOWS\System32\KERNEL32.DLL
0x00007ff913790000 - 0x00007ff913b82000 	C:\WINDOWS\System32\KERNELBASE.dll
0x00007ff914060000 - 0x00007ff9141ab000 	C:\WINDOWS\System32\ucrtbase.dll
0x00007ff8850c0000 - 0x00007ff8850d7000 	C:\Program Files\Java\jdk-22.0.1\bin\jli.dll
0x00007ff885630000 - 0x00007ff88564b000 	C:\Program Files\Java\jdk-22.0.1\bin\VCRUNTIME140.dll
0x00007ff9155b0000 - 0x00007ff915664000 	C:\WINDOWS\System32\ADVAPI32.dll
0x00007ff916480000 - 0x00007ff916529000 	C:\WINDOWS\System32\msvcrt.dll
0x00007ff915840000 - 0x00007ff9158e6000 	C:\WINDOWS\System32\sechost.dll
0x00007ff916360000 - 0x00007ff916478000 	C:\WINDOWS\System32\RPCRT4.dll
0x00007ff915ad0000 - 0x00007ff915c95000 	C:\WINDOWS\System32\USER32.dll
0x00007ff8e9b60000 - 0x00007ff8e9df3000 	C:\WINDOWS\WinSxS\amd64_microsoft.windows.common-controls_6595b64144ccf1df_6.0.26100.6899_none_3e0efeeae32e88c1\COMCTL32.dll
0x00007ff913cc0000 - 0x00007ff913ce7000 	C:\WINDOWS\System32\win32u.dll
0x00007ff9161d0000 - 0x00007ff9161fb000 	C:\WINDOWS\System32\GDI32.dll
0x00007ff913b90000 - 0x00007ff913cbd000 	C:\WINDOWS\System32\gdi32full.dll
0x00007ff914320000 - 0x00007ff9143c3000 	C:\WINDOWS\System32\msvcp_win.dll
0x00007ff90cce0000 - 0x00007ff90cceb000 	C:\WINDOWS\SYSTEM32\VERSION.dll
0x00007ff9156a0000 - 0x00007ff9156cf000 	C:\WINDOWS\System32\IMM32.DLL
0x00007ff8954b0000 - 0x00007ff8954bc000 	C:\Program Files\Java\jdk-22.0.1\bin\vcruntime140_1.dll
0x00007ff861fd0000 - 0x00007ff86205e000 	C:\Program Files\Java\jdk-22.0.1\bin\msvcp140.dll
0x00007ff839bb0000 - 0x00007ff83a8f7000 	C:\Program Files\Java\jdk-22.0.1\bin\server\jvm.dll
0x00007ff9156f0000 - 0x00007ff915764000 	C:\WINDOWS\System32\WS2_32.dll
0x00007ff913610000 - 0x00007ff91366e000 	C:\WINDOWS\SYSTEM32\POWRPROF.dll
0x00007ff90cca0000 - 0x00007ff90ccd5000 	C:\WINDOWS\SYSTEM32\WINMM.dll
0x00007ff9135f0000 - 0x00007ff913604000 	C:\WINDOWS\SYSTEM32\UMPDC.dll
0x00007ff912540000 - 0x00007ff91255b000 	C:\WINDOWS\SYSTEM32\kernel.appcore.dll
0x00007ff8850b0000 - 0x00007ff8850ba000 	C:\Program Files\Java\jdk-22.0.1\bin\jimage.dll
0x00007ff9062c0000 - 0x00007ff906502000 	C:\WINDOWS\SYSTEM32\DBGHELP.DLL
0x00007ff915e40000 - 0x00007ff9161bb000 	C:\WINDOWS\System32\combase.dll
0x00007ff916200000 - 0x00007ff9162d7000 	C:\WINDOWS\System32\OLEAUT32.dll
0x00007ff904ed0000 - 0x00007ff904f0c000 	C:\WINDOWS\SYSTEM32\dbgcore.DLL
0x00007ff913cf0000 - 0x00007ff913d88000 	C:\WINDOWS\System32\bcryptPrimitives.dll
0x00007ff904f50000 - 0x00007ff904f5f000 	C:\Program Files\Java\jdk-22.0.1\bin\instrument.dll
0x00007ff885090000 - 0x00007ff8850ae000 	C:\Program Files\Java\jdk-22.0.1\bin\java.dll
0x00007ff914c80000 - 0x00007ff9153cd000 	C:\WINDOWS\System32\SHELL32.dll
0x00007ff9141b0000 - 0x00007ff91431b000 	C:\WINDOWS\System32\wintypes.dll
0x00007ff915ca0000 - 0x00007ff915e38000 	C:\WINDOWS\System32\ole32.dll
0x00007ff9113c0000 - 0x00007ff911c1d000 	C:\WINDOWS\SYSTEM32\windows.storage.dll
0x00007ff914500000 - 0x00007ff9145f2000 	C:\WINDOWS\System32\SHCORE.dll
0x00007ff916530000 - 0x00007ff916592000 	C:\WINDOWS\System32\shlwapi.dll
0x00007ff9136b0000 - 0x00007ff9136d9000 	C:\WINDOWS\SYSTEM32\profapi.dll
0x00007ff854d30000 - 0x00007ff854e07000 	C:\Program Files\Java\jdk-22.0.1\bin\jsvml.dll
0x00007ff863940000 - 0x00007ff863957000 	C:\Program Files\Java\jdk-22.0.1\bin\zip.dll
0x00007ff885070000 - 0x00007ff885080000 	C:\Program Files\Java\jdk-22.0.1\bin\net.dll
0x00007ff912ad0000 - 0x00007ff912b3b000 	C:\WINDOWS\system32\mswsock.dll
0x00007ff885050000 - 0x00007ff885066000 	C:\Program Files\Java\jdk-22.0.1\bin\nio.dll
0x00007ff89ab50000 - 0x00007ff89ab60000 	C:\Program Files\Java\jdk-22.0.1\bin\verify.dll
0x00007ff8c52b0000 - 0x00007ff8c52d7000 	C:\Users\USER\.gradle\native\1def1411415f61bf3af743bc5b6707747c0891f09f0c88961ee8f79bc544acac\windows-amd64\native-platform.dll
0x00007ff8c4000000 - 0x00007ff8c4078000 	C:\Users\USER\.gradle\native\0.2.7\x86_64-windows-gnu\gradle-fileevents.dll
0x00007ff904f40000 - 0x00007ff904f4a000 	C:\Program Files\Java\jdk-22.0.1\bin\management.dll
0x00007ff904f30000 - 0x00007ff904f3b000 	C:\Program Files\Java\jdk-22.0.1\bin\management_ext.dll
0x00007ff9161c0000 - 0x00007ff9161c8000 	C:\WINDOWS\System32\PSAPI.DLL
0x00007ff911f80000 - 0x00007ff911fb4000 	C:\WINDOWS\SYSTEM32\IPHLPAPI.DLL
0x00007ff9156e0000 - 0x00007ff9156ea000 	C:\WINDOWS\System32\NSI.dll
0x00007ff8e8160000 - 0x00007ff8e8169000 	C:\Program Files\Java\jdk-22.0.1\bin\extnet.dll
0x00007ff912d80000 - 0x00007ff912d9b000 	C:\WINDOWS\SYSTEM32\CRYPTSP.dll
0x00007ff9124a0000 - 0x00007ff9124db000 	C:\WINDOWS\system32\rsaenh.dll
0x00007ff912b70000 - 0x00007ff912b9b000 	C:\WINDOWS\SYSTEM32\USERENV.dll
0x00007ff913680000 - 0x00007ff9136a6000 	C:\WINDOWS\SYSTEM32\bcrypt.dll
0x00007ff912da0000 - 0x00007ff912dac000 	C:\WINDOWS\SYSTEM32\CRYPTBASE.dll
0x00007ff8e8150000 - 0x00007ff8e815e000 	C:\Program Files\Java\jdk-22.0.1\bin\sunmscapi.dll
0x00007ff913ee0000 - 0x00007ff914057000 	C:\WINDOWS\System32\CRYPT32.dll
0x00007ff912fa0000 - 0x00007ff912fd0000 	C:\WINDOWS\SYSTEM32\ncrypt.dll
0x00007ff912f50000 - 0x00007ff912f8f000 	C:\WINDOWS\SYSTEM32\NTASN1.dll
0x00007ff886fb0000 - 0x00007ff886fb8000 	C:\WINDOWS\system32\wshunix.dll

dbghelp: loaded successfully - version: 4.0.5 - missing functions: none
symbol engine: initialized successfully - sym options: 0x614 - pdb path: .;C:\Program Files\Java\jdk-22.0.1\bin;C:\WINDOWS\SYSTEM32;C:\Program Files\AVG\Antivirus;C:\WINDOWS\WinSxS\amd64_microsoft.windows.common-controls_6595b64144ccf1df_6.0.26100.6899_none_3e0efeeae32e88c1;C:\Program Files\Java\jdk-22.0.1\bin\server;C:\Users\USER\.gradle\native\1def1411415f61bf3af743bc5b6707747c0891f09f0c88961ee8f79bc544acac\windows-amd64;C:\Users\USER\.gradle\native\0.2.7\x86_64-windows-gnu

VM Arguments:
jvm_args: --add-opens=java.base/java.lang=ALL-UNNAMED --add-opens=java.base/java.lang.invoke=ALL-UNNAMED --add-opens=java.base/java.util=ALL-UNNAMED --add-opens=java.prefs/java.util.prefs=ALL-UNNAMED --add-exports=jdk.compiler/com.sun.tools.javac.api=ALL-UNNAMED --add-exports=jdk.compiler/com.sun.tools.javac.util=ALL-UNNAMED --add-opens=java.base/java.util=ALL-UNNAMED --add-opens=java.prefs/java.util.prefs=ALL-UNNAMED --add-opens=java.base/java.nio.charset=ALL-UNNAMED --add-opens=java.base/java.net=ALL-UNNAMED --add-opens=java.base/java.util.concurrent.atomic=ALL-UNNAMED --add-opens=java.xml/javax.xml.namespace=ALL-UNNAMED -Xmx2048m -Dfile.encoding=UTF-8 -Duser.country=PE -Duser.language=es -Duser.variant -javaagent:C:\Users\USER\.gradle\wrapper\dists\gradle-8.13-bin\5xuhj0ry160q40clulazy9h7d\gradle-8.13\lib\agents\gradle-instrumentation-agent-8.13.jar 
java_command: org.gradle.launcher.daemon.bootstrap.GradleDaemon 8.13
java_class_path (initial): C:\Users\USER\.gradle\wrapper\dists\gradle-8.13-bin\5xuhj0ry160q40clulazy9h7d\gradle-8.13\lib\gradle-daemon-main-8.13.jar
Launcher Type: SUN_STANDARD

[Global flags]
     intx CICompilerCount                          = 4                                         {product} {ergonomic}
     uint ConcGCThreads                            = 3                                         {product} {ergonomic}
     uint G1ConcRefinementThreads                  = 10                                        {product} {ergonomic}
   size_t G1HeapRegionSize                         = 1048576                                   {product} {ergonomic}
   size_t InitialHeapSize                          = 123731968                                 {product} {ergonomic}
   size_t MarkStackSize                            = 4194304                                   {product} {ergonomic}
   size_t MaxHeapSize                              = 2147483648                                {product} {command line}
   size_t MaxNewSize                               = 1287651328                                {product} {ergonomic}
   size_t MinHeapDeltaBytes                        = 1048576                                   {product} {ergonomic}
   size_t MinHeapSize                              = 8388608                                   {product} {ergonomic}
    uintx NonNMethodCodeHeapSize                   = 5839372                                {pd product} {ergonomic}
    uintx NonProfiledCodeHeapSize                  = 122909434                              {pd product} {ergonomic}
    uintx ProfiledCodeHeapSize                     = 122909434                              {pd product} {ergonomic}
    uintx ReservedCodeCacheSize                    = 251658240                              {pd product} {ergonomic}
     bool SegmentedCodeCache                       = true                                      {product} {ergonomic}
   size_t SoftMaxHeapSize                          = 2147483648                             {manageable} {ergonomic}
     bool UseCompressedOops                        = true                           {product lp64_product} {ergonomic}
     bool UseG1GC                                  = true                                      {product} {ergonomic}
     bool UseLargePagesIndividualAllocation        = false                                  {pd product} {ergonomic}

Logging:
Log output configuration:
 #0: stdout all=warning uptime,level,tags foldmultilines=false
 #1: stderr all=off uptime,level,tags foldmultilines=false

Environment Variables:
JAVA_HOME=C:\Program Files\Java\jdk-22.0.1
CLASSPATH=C:\LINGO64_21\Lingo21.jar
PATH=C:\Program Files\Eclipse Adoptium\jdk-17.0.16.8-hotspot\bin;C:\msys64\mingw64\bin;c:\Users\USER\AppData\Local\Programs\cursor\resources\app\bin;C:\Program Files (x86)\Razer Chroma SDK\bin;C:\Program Files\Razer Chroma SDK\bin;C:\Program Files\Rockwell Software\RSCommon;C:\Program Files\Common Files\Oracle\Java\javapath;C:\WINDOWS\system32;C:\WINDOWS;C:\WINDOWS\System32\Wbem;C:\WINDOWS\System32\WindowsPowerShell\v1.0\;C:\WINDOWS\System32\OpenSSH\;C:\Users\USER\Desktop\jdk-20.0.2\bin;C:\Program Files (x86)\NVIDIA Corporation\PhysX\Common;C:\Program Files (x86)\Rational\common;C:\Program Files (x86)\Microsoft SQL Server\160\DTS\Binn\;C:\Program Files (x86)\Microsoft SQL Server\160\Tools\Binn\;C:\Program Files\Microsoft SQL Server\160\Tools\Binn\;C:\Program Files\Microsoft SQL Server\Client SDK\ODBC\170\Tools\Binn\;C:\Program Files\Microsoft SQL Server\160\DTS\Binn\;C:\WINDOWS\system32\config\systemprofile\AppData\Local\Microsoft\WindowsApps;C:\Program Files (x86)\Razer\ChromaBroadcast\bin;C:\Program Files\Razer\ChromaBroadcast\bin;C:\Users\USER\AppData\Local\Programs\Pyt;C:\xampp\php;C:\ProgramData\ComposerSetup\bin;C:\Program Files\Git\cmd;C:\Program Files\NVIDIA Corporation\NVIDIA App\NvDLISR;C:\Program Files\Java\jdk-22.0.1\bin;C:\msys64\mingw64\bin;C:\Users\USER\AppData\Local\Programs\Python\Python313\Scripts\;C:\Users\USER\AppData\Local\Programs\Python\Python313\;C:\Users\USER\AppData\Local\Programs\Python\Python312\Scripts\;C:\Users\USER\AppData\Local\Programs\Python\Python312\;C:\Users\USER\AppData\Local\Microsoft\WindowsApps;C:\Users\USER\AppData\Local\Programs\Microsoft VS Code\bin;C:\Users\USER\AppData\Roaming\npm;C:\Program Files\nodejs;C:\Users\USER\.dotnet\tools;C:\Users\USER\AppData\Local\Programs\MiKTeX\miktex\bin\x64\;C:\Program Files\MongoDB\Server\8.0\bin;C:\Users\USER\AppData\Roaming\Composer\vendor\bin;C:\Program Files\JetBrains\IntelliJ IDEA 2025.1.2\bin;;C:\Users\USER\AppData\Local\Programs\cursor\resources\app\bin;C:\Program Files\Git\bin;C:\Program Files\Git\cmd;C:\Users\USER\AppData\Local\GitHubDesktop\bin;C:\Program Files\Apache\Maven\bin;C:\Program Files\Apache\Maven;
USERNAME=USER
OS=Windows_NT
PROCESSOR_IDENTIFIER=AMD64 Family 25 Model 80 Stepping 0, AuthenticAMD
TMP=C:\Users\USER\AppData\Local\Temp
TEMP=C:\Users\USER\AppData\Local\Temp




Periodic native trim disabled

---------------  S Y S T E M  ---------------

OS:
 Windows 11 , 64 bit Build 26100 (10.0.26100.6725)
OS uptime: 0 days 16:47 hours
Hyper-V role detected

CPU: total 12 (initial active 12) (12 cores per cpu, 2 threads per core) family 25 model 80 stepping 0 microcode 0xa50000d, cx8, cmov, fxsr, ht, mmx, 3dnowpref, sse, sse2, sse3, ssse3, sse4a, sse4.1, sse4.2, popcnt, lzcnt, tsc, tscinvbit, avx, avx2, aes, erms, clmul, bmi1, bmi2, adx, sha, fma, vzeroupper, clflush, clflushopt, hv, rdtscp, rdpid, fsrm, f16c, cet_ss
Processor Information for all 12 processors :
  Max Mhz: 3301, Current Mhz: 3301, Mhz Limit: 3301

Memory: 4k page, system-wide physical 7521M (867M free)
TotalPageFile size 31073M (AvailPageFile size 366M)
current process WorkingSet (physical memory assigned to process): 251M, peak: 408M
current process commit charge ("private bytes"): 518M, peak: 519M

vm_info: Java HotSpot(TM) 64-Bit Server VM (22.0.1+8-16) for windows-amd64 JRE (22.0.1+8-16), built on 2024-03-12T10:33:16Z by "mach5one" with MS VC++ 17.6 (VS2022)

END.
