#
# There is insufficient memory for the Java Runtime Environment to continue.
# Native memory allocation (malloc) failed to allocate 1221456 bytes. Error detail: Chunk::new
# Possible reasons:
#   The system is out of physical RAM or swap space
#   This process is running with CompressedOops enabled, and the Java Heap may be blocking the growth of the native heap
# Possible solutions:
#   Reduce memory load on the system
#   Increase physical memory or swap space
#   Check if swap backing store is full
#   Decrease Java heap size (-Xmx/-Xms)
#   Decrease number of Java threads
#   Decrease Java thread stack sizes (-Xss)
#   Set larger code cache with -XX:ReservedCodeCacheSize=
#   JVM is running with Unscaled Compressed Oops mode in which the Java heap is
#     placed in the first 4GB address space. The Java Heap base address is the
#     maximum limit for the native heap growth. Please use -XX:HeapBaseMinAddress
#     to set the Java Heap base and to place the Java Heap above 4GB virtual address.
# This output file may be truncated or incomplete.
#
#  Out of Memory Error (arena.cpp:168), pid=14156, tid=15464
#
# JRE version: OpenJDK Runtime Environment Temurin-21.0.8+9 (21.0.8+9) (build 21.0.8+9-LTS)
# Java VM: OpenJDK 64-Bit Server VM Temurin-21.0.8+9 (21.0.8+9-LTS, mixed mode, sharing, tiered, compressed oops, compressed class ptrs, parallel gc, windows-amd64)
# No core dump will be written. Minidumps are not enabled by default on client versions of Windows
#

---------------  S U M M A R Y ------------

Command Line: --add-modules=ALL-SYSTEM --add-opens=java.base/java.util=ALL-UNNAMED --add-opens=java.base/java.lang=ALL-UNNAMED --add-opens=java.base/sun.nio.fs=ALL-UNNAMED -Declipse.application=org.eclipse.jdt.ls.core.id1 -Dosgi.bundles.defaultStartLevel=4 -Declipse.product=org.eclipse.jdt.ls.core.product -Djava.import.generatesMetadataFilesAtProjectRoot=false -DDetectVMInstallationsJob.disabled=true -Dfile.encoding=utf8 -XX:+UseParallelGC -XX:GCTimeRatio=4 -XX:AdaptiveSizePolicyWeight=90 -Dsun.zip.disableMemoryMapping=true -Xmx2G -Xms100m -Xlog:disable -javaagent:c:\Users\USER\.cursor\extensions\redhat.java-1.46.0-win32-x64\lombok\lombok-1.18.39-4050.jar -XX:+HeapDumpOnOutOfMemoryError -XX:HeapDumpPath=c:\Users\USER\AppData\Roaming\Cursor\User\workspaceStorage\58bca81c2ce6789938e3f427d54d5f21\redhat.java -Daether.dependencyCollector.impl=bf c:\Users\USER\.cursor\extensions\redhat.java-1.46.0-win32-x64\server\plugins\org.eclipse.equinox.launcher_1.7.0.v20250519-0528.jar -configuration c:\Users\USER\AppData\Roaming\Cursor\User\globalStorage\redhat.java\1.46.0\config_win -data c:\Users\USER\AppData\Roaming\Cursor\User\workspaceStorage\58bca81c2ce6789938e3f427d54d5f21\redhat.java\jdt_ws --pipe=\\.\pipe\lsp-6e1a614ce611378c93603037905f3433-sock

Host: AMD Ryzen 5 5600H with Radeon Graphics         , 12 cores, 7G,  Windows 11 , 64 bit Build 26100 (10.0.26100.6725)
Time: Wed Oct 15 19:09:24 2025 Hora est. Pacífico, Sudamérica elapsed time: 64.781352 seconds (0d 0h 1m 4s)

---------------  T H R E A D  ---------------

Current thread (0x0000018c104f4b40):  JavaThread "C2 CompilerThread0" daemon [_thread_in_native, id=15464, stack(0x0000003f01f00000,0x0000003f02000000) (1024K)]


Current CompileTask:
C2:64781 8642       4       java.io.ObjectInputStream::readClassDesc (121 bytes)

Stack: [0x0000003f01f00000,0x0000003f02000000]
Native frames: (J=compiled Java code, j=interpreted, Vv=VM code, C=native code)
V  [jvm.dll+0x6d2449]
V  [jvm.dll+0x8ae341]
V  [jvm.dll+0x8b08be]
V  [jvm.dll+0x8b0fa3]
V  [jvm.dll+0x280c96]
V  [jvm.dll+0xc581d]
V  [jvm.dll+0xc5d53]
V  [jvm.dll+0x3b9162]
V  [jvm.dll+0x1e1213]
V  [jvm.dll+0x249022]
V  [jvm.dll+0x2484af]
V  [jvm.dll+0x1c89ee]
V  [jvm.dll+0x257d4d]
V  [jvm.dll+0x2562ea]
V  [jvm.dll+0x3f2d16]
V  [jvm.dll+0x857e6b]
V  [jvm.dll+0x6d0b0d]
C  [ucrtbase.dll+0x37b0]
C  [KERNEL32.DLL+0x2e8d7]
C  [ntdll.dll+0x8c53c]


---------------  P R O C E S S  ---------------

Threads class SMR info:
_java_thread_list=0x0000018c71696550, length=54, elements={
0x0000018c10559f40, 0x0000018c104e9400, 0x0000018c1060c5d0, 0x0000018c104ed0f0,
0x0000018c104ede70, 0x0000018c104f09d0, 0x0000018c104f1550, 0x0000018c104f4b40,
0x0000018c104fa4b0, 0x0000018c105c5ec0, 0x0000018c696c99a0, 0x0000018c6f1e1060,
0x0000018c6f1d3ff0, 0x0000018c6f1152a0, 0x0000018c6f115900, 0x0000018c6aa2ce60,
0x0000018c6f32d1d0, 0x0000018c6f79fa20, 0x0000018c6f79f390, 0x0000018c6f79d950,
0x0000018c6f79dfe0, 0x0000018c6f7a00b0, 0x0000018c6f79ed00, 0x0000018c6f79e670,
0x0000018c6f7a0740, 0x0000018c6f5ae590, 0x0000018c6f5af2b0, 0x0000018c6f5ad870,
0x0000018c6f5af940, 0x0000018c6f5aec20, 0x0000018c6f5acb50, 0x0000018c6f5ad1e0,
0x0000018c6f5adf00, 0x0000018c6f5affd0, 0x0000018c71f25f80, 0x0000018c71f23820,
0x0000018c71f22b00, 0x0000018c71f25260, 0x0000018c71f23eb0, 0x0000018c71f26610,
0x0000018c71f24540, 0x0000018c71f258f0, 0x0000018c71f23190, 0x0000018c71f279c0,
0x0000018c71f27330, 0x0000018c71f286e0, 0x0000018c71f26ca0, 0x0000018c71f28d70,
0x0000018c71f2a120, 0x0000018c6a84ec40, 0x0000018c6a84e5b0, 0x0000018c6a84f2d0,
0x0000018c6a84cb70, 0x0000018c6a84f960
}

Java Threads: ( => current thread )
  0x0000018c10559f40 JavaThread "main"                              [_thread_blocked, id=17780, stack(0x0000003f01500000,0x0000003f01600000) (1024K)]
  0x0000018c104e9400 JavaThread "Reference Handler"          daemon [_thread_blocked, id=15736, stack(0x0000003f01900000,0x0000003f01a00000) (1024K)]
  0x0000018c1060c5d0 JavaThread "Finalizer"                  daemon [_thread_blocked, id=23896, stack(0x0000003f01a00000,0x0000003f01b00000) (1024K)]
  0x0000018c104ed0f0 JavaThread "Signal Dispatcher"          daemon [_thread_blocked, id=10328, stack(0x0000003f01b00000,0x0000003f01c00000) (1024K)]
  0x0000018c104ede70 JavaThread "Attach Listener"            daemon [_thread_blocked, id=13300, stack(0x0000003f01c00000,0x0000003f01d00000) (1024K)]
  0x0000018c104f09d0 JavaThread "Service Thread"             daemon [_thread_blocked, id=10244, stack(0x0000003f01d00000,0x0000003f01e00000) (1024K)]
  0x0000018c104f1550 JavaThread "Monitor Deflation Thread"   daemon [_thread_blocked, id=4764, stack(0x0000003f01e00000,0x0000003f01f00000) (1024K)]
=>0x0000018c104f4b40 JavaThread "C2 CompilerThread0"         daemon [_thread_in_native, id=15464, stack(0x0000003f01f00000,0x0000003f02000000) (1024K)]
  0x0000018c104fa4b0 JavaThread "C1 CompilerThread0"         daemon [_thread_blocked, id=16448, stack(0x0000003f02000000,0x0000003f02100000) (1024K)]
  0x0000018c105c5ec0 JavaThread "Common-Cleaner"             daemon [_thread_blocked, id=2912, stack(0x0000003f02100000,0x0000003f02200000) (1024K)]
  0x0000018c696c99a0 JavaThread "Notification Thread"        daemon [_thread_blocked, id=16096, stack(0x0000003f02300000,0x0000003f02400000) (1024K)]
  0x0000018c6f1e1060 JavaThread "Active Thread: Equinox Container: 56da244e-019b-452e-a6bd-64af3cb8fa0e"        [_thread_blocked, id=8596, stack(0x0000003f02a00000,0x0000003f02b00000) (1024K)]
  0x0000018c6f1d3ff0 JavaThread "Refresh Thread: Equinox Container: 56da244e-019b-452e-a6bd-64af3cb8fa0e" daemon [_thread_blocked, id=11604, stack(0x0000003f02b00000,0x0000003f02c00000) (1024K)]
  0x0000018c6f1152a0 JavaThread "Framework Event Dispatcher: Equinox Container: 56da244e-019b-452e-a6bd-64af3cb8fa0e" daemon [_thread_blocked, id=1344, stack(0x0000003f02d00000,0x0000003f02e00000) (1024K)]
  0x0000018c6f115900 JavaThread "Start Level: Equinox Container: 56da244e-019b-452e-a6bd-64af3cb8fa0e" daemon [_thread_blocked, id=14160, stack(0x0000003f02e00000,0x0000003f02f00000) (1024K)]
  0x0000018c6aa2ce60 JavaThread "Bundle File Closer"         daemon [_thread_blocked, id=972, stack(0x0000003f02200000,0x0000003f02300000) (1024K)]
  0x0000018c6f32d1d0 JavaThread "SCR Component Actor"        daemon [_thread_blocked, id=23536, stack(0x0000003f03100000,0x0000003f03200000) (1024K)]
  0x0000018c6f79fa20 JavaThread "Worker-JM"                         [_thread_blocked, id=13512, stack(0x0000003f03400000,0x0000003f03500000) (1024K)]
  0x0000018c6f79f390 JavaThread "JNA Cleaner"                daemon [_thread_blocked, id=19676, stack(0x0000003f03200000,0x0000003f03300000) (1024K)]
  0x0000018c6f79d950 JavaThread "Worker-0"                          [_thread_blocked, id=19200, stack(0x0000003f03300000,0x0000003f03400000) (1024K)]
  0x0000018c6f79dfe0 JavaThread "Worker-1"                          [_thread_blocked, id=6284, stack(0x0000003f03500000,0x0000003f03600000) (1024K)]
  0x0000018c6f7a00b0 JavaThread "Java indexing"              daemon [_thread_blocked, id=6660, stack(0x0000003f03700000,0x0000003f03800000) (1024K)]
  0x0000018c6f79ed00 JavaThread "Worker-2"                          [_thread_blocked, id=18216, stack(0x0000003f03a00000,0x0000003f03b00000) (1024K)]
  0x0000018c6f79e670 JavaThread "Worker-3"                          [_thread_blocked, id=26568, stack(0x0000003f03b00000,0x0000003f03c00000) (1024K)]
  0x0000018c6f7a0740 JavaThread "Worker-4: Initialize Workspace"        [_thread_blocked, id=23432, stack(0x0000003f03c00000,0x0000003f03d00000) (1024K)]
  0x0000018c6f5ae590 JavaThread "Worker-5"                          [_thread_blocked, id=23040, stack(0x0000003f03d00000,0x0000003f03e00000) (1024K)]
  0x0000018c6f5af2b0 JavaThread "Thread-1"                   daemon [_thread_in_native, id=14092, stack(0x0000003f03e00000,0x0000003f03f00000) (1024K)]
  0x0000018c6f5ad870 JavaThread "Thread-2"                   daemon [_thread_in_native, id=26560, stack(0x0000003f03f00000,0x0000003f04000000) (1024K)]
  0x0000018c6f5af940 JavaThread "Thread-3"                   daemon [_thread_in_native, id=9920, stack(0x0000003f04000000,0x0000003f04100000) (1024K)]
  0x0000018c6f5aec20 JavaThread "Thread-4"                   daemon [_thread_in_native, id=24776, stack(0x0000003f04100000,0x0000003f04200000) (1024K)]
  0x0000018c6f5acb50 JavaThread "Thread-5"                   daemon [_thread_in_native, id=12248, stack(0x0000003f04200000,0x0000003f04300000) (1024K)]
  0x0000018c6f5ad1e0 JavaThread "Thread-6"                   daemon [_thread_in_native, id=13536, stack(0x0000003f04300000,0x0000003f04400000) (1024K)]
  0x0000018c6f5adf00 JavaThread "Thread-7"                   daemon [_thread_in_native, id=21168, stack(0x0000003f04400000,0x0000003f04500000) (1024K)]
  0x0000018c6f5affd0 JavaThread "Thread-8"                   daemon [_thread_in_native, id=21712, stack(0x0000003f04500000,0x0000003f04600000) (1024K)]
  0x0000018c71f25f80 JavaThread "Thread-9"                   daemon [_thread_in_native, id=17160, stack(0x0000003f04600000,0x0000003f04700000) (1024K)]
  0x0000018c71f23820 JavaThread "Thread-10"                  daemon [_thread_in_native, id=9112, stack(0x0000003f04700000,0x0000003f04800000) (1024K)]
  0x0000018c71f22b00 JavaThread "Thread-11"                  daemon [_thread_in_native, id=25044, stack(0x0000003f04800000,0x0000003f04900000) (1024K)]
  0x0000018c71f25260 JavaThread "Thread-12"                  daemon [_thread_in_native, id=6156, stack(0x0000003f04900000,0x0000003f04a00000) (1024K)]
  0x0000018c71f23eb0 JavaThread "Thread-13"                  daemon [_thread_in_native, id=6684, stack(0x0000003f04a00000,0x0000003f04b00000) (1024K)]
  0x0000018c71f26610 JavaThread "pool-2-thread-1"                   [_thread_blocked, id=18784, stack(0x0000003f04b00000,0x0000003f04c00000) (1024K)]
  0x0000018c71f24540 JavaThread "WorkspaceEventsHandler"            [_thread_blocked, id=8540, stack(0x0000003f04c00000,0x0000003f04d00000) (1024K)]
  0x0000018c71f258f0 JavaThread "pool-1-thread-1"                   [_thread_blocked, id=25216, stack(0x0000003f04d00000,0x0000003f04e00000) (1024K)]
  0x0000018c71f23190 JavaThread "ForkJoinPool.commonPool-worker-1" daemon [_thread_blocked, id=4004, stack(0x0000003f04e00000,0x0000003f04f00000) (1024K)]
  0x0000018c71f279c0 JavaThread "ForkJoinPool.commonPool-worker-2" daemon [_thread_blocked, id=24740, stack(0x0000003f04f00000,0x0000003f05000000) (1024K)]
  0x0000018c71f27330 JavaThread "Timer-0"                           [_thread_blocked, id=24788, stack(0x0000003f05000000,0x0000003f05100000) (1024K)]
  0x0000018c71f286e0 JavaThread "Timer-1"                           [_thread_blocked, id=12468, stack(0x0000003f03600000,0x0000003f03700000) (1024K)]
  0x0000018c71f26ca0 JavaThread "Timer-2"                           [_thread_blocked, id=21232, stack(0x0000003f05100000,0x0000003f05200000) (1024K)]
  0x0000018c71f28d70 JavaThread "Timer-3"                           [_thread_blocked, id=2504, stack(0x0000003f05300000,0x0000003f05400000) (1024K)]
  0x0000018c71f2a120 JavaThread "Timer-4"                           [_thread_blocked, id=13344, stack(0x0000003f05400000,0x0000003f05500000) (1024K)]
  0x0000018c6a84ec40 JavaThread "Connection worker"                 [_thread_in_native, id=20760, stack(0x0000003f05500000,0x0000003f05600000) (1024K)]
  0x0000018c6a84e5b0 JavaThread "pool-3-thread-1"                   [_thread_blocked, id=26604, stack(0x0000003f05600000,0x0000003f05700000) (1024K)]
  0x0000018c6a84f2d0 JavaThread "Exec process"                      [_thread_blocked, id=4280, stack(0x0000003f05700000,0x0000003f05800000) (1024K)]
  0x0000018c6a84cb70 JavaThread "Exec process Thread 2"             [_thread_blocked, id=16444, stack(0x0000003f05800000,0x0000003f05900000) (1024K)]
  0x0000018c6a84f960 JavaThread "Exec process Thread 3"             [_thread_blocked, id=17344, stack(0x0000003f05900000,0x0000003f05a00000) (1024K)]
Total: 54

Other Threads:
  0x0000018c104e4960 VMThread "VM Thread"                           [id=14584, stack(0x0000003f01800000,0x0000003f01900000) (1024K)]
  0x0000018c103dca00 WatcherThread "VM Periodic Task Thread"        [id=23680, stack(0x0000003f01700000,0x0000003f01800000) (1024K)]
  0x0000018c10578fe0 WorkerThread "GC Thread#0"                     [id=14236, stack(0x0000003f01600000,0x0000003f01700000) (1024K)]
  0x0000018c6a819ce0 WorkerThread "GC Thread#1"                     [id=25084, stack(0x0000003f02400000,0x0000003f02500000) (1024K)]
  0x0000018c6a81a080 WorkerThread "GC Thread#2"                     [id=9020, stack(0x0000003f02500000,0x0000003f02600000) (1024K)]
  0x0000018c6a4f65f0 WorkerThread "GC Thread#3"                     [id=25504, stack(0x0000003f02600000,0x0000003f02700000) (1024K)]
  0x0000018c6a4f6990 WorkerThread "GC Thread#4"                     [id=5292, stack(0x0000003f02700000,0x0000003f02800000) (1024K)]
  0x0000018c6f1ad010 WorkerThread "GC Thread#5"                     [id=14412, stack(0x0000003f02800000,0x0000003f02900000) (1024K)]
  0x0000018c6f1ad3b0 WorkerThread "GC Thread#6"                     [id=14804, stack(0x0000003f02900000,0x0000003f02a00000) (1024K)]
  0x0000018c6f1860f0 WorkerThread "GC Thread#7"                     [id=19944, stack(0x0000003f02c00000,0x0000003f02d00000) (1024K)]
  0x0000018c6f5cfdb0 WorkerThread "GC Thread#8"                     [id=8452, stack(0x0000003f02f00000,0x0000003f03000000) (1024K)]
  0x0000018c6f5aaaa0 WorkerThread "GC Thread#9"                     [id=18704, stack(0x0000003f03000000,0x0000003f03100000) (1024K)]
Total: 12

Threads with active compile tasks:
C2 CompilerThread0  64871 8642       4       java.io.ObjectInputStream::readClassDesc (121 bytes)
Total: 1

VM state: not at safepoint (normal execution)

VM Mutex/Monitor currently owned by a thread: None

Heap address: 0x0000000080000000, size: 2048 MB, Compressed Oops mode: 32-bit

CDS archive(s) mapped at: [0x0000018c27000000-0x0000018c27ba0000-0x0000018c27ba0000), size 12189696, SharedBaseAddress: 0x0000018c27000000, ArchiveRelocationMode: 1.
Compressed class space mapped at: 0x0000018c28000000-0x0000018c68000000, reserved size: 1073741824
Narrow klass base: 0x0000018c27000000, Narrow klass shift: 0, Narrow klass range: 0x100000000

GC Precious Log:
 CardTable entry size: 512
 CPUs: 12 total, 12 available
 Memory: 7521M
 Large Page Support: Disabled
 NUMA Support: Disabled
 Compressed Oops: Enabled (32-bit)
 Alignments: Space 512K, Generation 512K, Heap 2M
 Heap Min Capacity: 100M
 Heap Initial Capacity: 100M
 Heap Max Capacity: 2G
 Pre-touch: Disabled
 Parallel Workers: 10

Heap:
 PSYoungGen      total 13312K, used 11828K [0x00000000d5580000, 0x00000000d6680000, 0x0000000100000000)
  eden space 12288K, 88% used [0x00000000d5580000,0x00000000d60111c0,0x00000000d6180000)
  from space 1024K, 98% used [0x00000000d6380000,0x00000000d647c040,0x00000000d6480000)
  to   space 2048K, 0% used [0x00000000d6180000,0x00000000d6180000,0x00000000d6380000)
 ParOldGen       total 68608K, used 58461K [0x0000000080000000, 0x0000000084300000, 0x00000000d5580000)
  object space 68608K, 85% used [0x0000000080000000,0x0000000083917480,0x0000000084300000)
 Metaspace       used 65551K, committed 67008K, reserved 1114112K
  class space    used 8201K, committed 8896K, reserved 1048576K

Card table byte_map: [0x0000018c0fef0000,0x0000018c10300000] _byte_map_base: 0x0000018c0faf0000

Marking Bits: (ParMarkBitMap*) 0x00007ff812baa340
 Begin Bits: [0x0000018c229f0000, 0x0000018c249f0000)
 End Bits:   [0x0000018c249f0000, 0x0000018c269f0000)

Polling page: 0x0000018c0e2f0000

Metaspace:

Usage:
  Non-class:     56.01 MB used.
      Class:      8.01 MB used.
       Both:     64.01 MB used.

Virtual space:
  Non-class space:       64.00 MB reserved,      56.75 MB ( 89%) committed,  1 nodes.
      Class space:        1.00 GB reserved,       8.69 MB ( <1%) committed,  1 nodes.
             Both:        1.06 GB reserved,      65.44 MB (  6%) committed. 

Chunk freelists:
   Non-Class:  6.66 MB
       Class:  7.23 MB
        Both:  13.88 MB

MaxMetaspaceSize: unlimited
CompressedClassSpaceSize: 1.00 GB
Initial GC threshold: 21.00 MB
Current GC threshold: 97.31 MB
CDS: on
 - commit_granule_bytes: 65536.
 - commit_granule_words: 8192.
 - virtual_space_node_default_size: 8388608.
 - enlarge_chunks_in_place: 1.
 - use_allocation_guard: 0.


Internal statistics:

num_allocs_failed_limit: 9.
num_arena_births: 1266.
num_arena_deaths: 26.
num_vsnodes_births: 2.
num_vsnodes_deaths: 0.
num_space_committed: 1047.
num_space_uncommitted: 0.
num_chunks_returned_to_freelist: 37.
num_chunks_taken_from_freelist: 4134.
num_chunk_merges: 16.
num_chunk_splits: 2651.
num_chunks_enlarged: 1682.
num_inconsistent_stats: 0.

CodeHeap 'non-profiled nmethods': size=120000Kb used=5452Kb max_used=5452Kb free=114547Kb
 bounds [0x0000018c1b210000, 0x0000018c1b770000, 0x0000018c22740000]
CodeHeap 'profiled nmethods': size=120000Kb used=16002Kb max_used=16002Kb free=103998Kb
 bounds [0x0000018c13740000, 0x0000018c146f0000, 0x0000018c1ac70000]
CodeHeap 'non-nmethods': size=5760Kb used=1397Kb max_used=1449Kb free=4362Kb
 bounds [0x0000018c1ac70000, 0x0000018c1aee0000, 0x0000018c1b210000]
CodeCache: size=245760Kb, used=22851Kb, max_used=22903Kb, free=222907Kb
 total_blobs=8677, nmethods=7974, adapters=609, full_count=0
Compilation: enabled, stopped_count=0, restarted_count=0

Compilation events (20 events):
Event: 62.348 Thread 0x0000018c104fa4b0 nmethod 8657 0x0000018c146cd490 code [0x0000018c146cd700, 0x0000018c146ce2b0]
Event: 62.350 Thread 0x0000018c104fa4b0 8658       3       java.lang.reflect.AccessibleObject::checkCanSetAccessible (195 bytes)
Event: 62.352 Thread 0x0000018c104fa4b0 nmethod 8658 0x0000018c146ce710 code [0x0000018c146ceaa0, 0x0000018c146d0078]
Event: 62.354 Thread 0x0000018c104fa4b0 8659       3       org.gradle.tooling.internal.consumer.parameters.BuildProgressListenerAdapter::genericFinishedEvent (44 bytes)
Event: 62.355 Thread 0x0000018c104fa4b0 nmethod 8659 0x0000018c146d0790 code [0x0000018c146d09a0, 0x0000018c146d0ee0]
Event: 62.374 Thread 0x0000018c71d92320 8660       4       java.io.ObjectStreamField::<init> (231 bytes)
Event: 62.381 Thread 0x0000018c71d92320 nmethod 8660 0x0000018c1b758010 code [0x0000018c1b7581c0, 0x0000018c1b758400]
Event: 62.381 Thread 0x0000018c71d92320 8661       4       java.io.ObjectInputStream$BlockDataInputStream::readShort (73 bytes)
Event: 62.394 Thread 0x0000018c104fa4b0 8663       3       org.gradle.tooling.events.internal.DefaultOperationDescriptor::<init> (30 bytes)
Event: 62.395 Thread 0x0000018c104fa4b0 nmethod 8663 0x0000018c146d1190 code [0x0000018c146d1340, 0x0000018c146d1698]
Event: 62.405 Thread 0x0000018c104fa4b0 8664   !   3       sun.nio.ch.SelectorImpl::lockAndDoSelect (87 bytes)
Event: 62.406 Thread 0x0000018c104fa4b0 nmethod 8664 0x0000018c146d1810 code [0x0000018c146d1a40, 0x0000018c146d2130]
Event: 62.408 Thread 0x0000018c104fa4b0 8665   !   3       sun.nio.ch.SocketChannelImpl::read (318 bytes)
Event: 63.390 Thread 0x0000018c104fa4b0 nmethod 8665 0x0000018c146d2610 code [0x0000018c146d2ae0, 0x0000018c146d5030]
Event: 63.390 Thread 0x0000018c104fa4b0 8666       3       org.gradle.tooling.internal.consumer.parameters.BuildProgressListenerAdapter::assertDescriptorType (53 bytes)
Event: 63.391 Thread 0x0000018c104fa4b0 nmethod 8666 0x0000018c146d5f90 code [0x0000018c146d6260, 0x0000018c146d7208]
Event: 63.391 Thread 0x0000018c104fa4b0 8667       3       org.gradle.tooling.events.internal.DefaultOperationSuccessResult::<init> (15 bytes)
Event: 63.397 Thread 0x0000018c104fa4b0 nmethod 8667 0x0000018c146d7810 code [0x0000018c146d79c0, 0x0000018c146d7b30]
Event: 63.400 Thread 0x0000018c71d92320 nmethod 8661 0x0000018c1b758610 code [0x0000018c1b758820, 0x0000018c1b759170]
Event: 63.400 Thread 0x0000018c71d92320 8662   !   4       java.io.ObjectInputStream::readSerialData (474 bytes)

GC Heap History (20 events):
Event: 14.858 GC heap before
{Heap before GC invocations=60 (full 3):
 PSYoungGen      total 13824K, used 13653K [0x00000000d5580000, 0x00000000d6480000, 0x0000000100000000)
  eden space 13312K, 100% used [0x00000000d5580000,0x00000000d6280000,0x00000000d6280000)
  from space 512K, 66% used [0x00000000d6400000,0x00000000d64554b8,0x00000000d6480000)
  to   space 1024K, 0% used [0x00000000d6280000,0x00000000d6280000,0x00000000d6380000)
 ParOldGen       total 68608K, used 55618K [0x0000000080000000, 0x0000000084300000, 0x00000000d5580000)
  object space 68608K, 81% used [0x0000000080000000,0x0000000083650818,0x0000000084300000)
 Metaspace       used 61112K, committed 62400K, reserved 1114112K
  class space    used 7613K, committed 8192K, reserved 1048576K
}
Event: 14.859 GC heap after
{Heap after GC invocations=60 (full 3):
 PSYoungGen      total 14336K, used 1019K [0x00000000d5580000, 0x00000000d6580000, 0x0000000100000000)
  eden space 13312K, 0% used [0x00000000d5580000,0x00000000d5580000,0x00000000d6280000)
  from space 1024K, 99% used [0x00000000d6280000,0x00000000d637ee38,0x00000000d6380000)
  to   space 1536K, 0% used [0x00000000d6400000,0x00000000d6400000,0x00000000d6580000)
 ParOldGen       total 68608K, used 55826K [0x0000000080000000, 0x0000000084300000, 0x00000000d5580000)
  object space 68608K, 81% used [0x0000000080000000,0x0000000083684ab0,0x0000000084300000)
 Metaspace       used 61112K, committed 62400K, reserved 1114112K
  class space    used 7613K, committed 8192K, reserved 1048576K
}
Event: 14.951 GC heap before
{Heap before GC invocations=61 (full 3):
 PSYoungGen      total 14336K, used 14331K [0x00000000d5580000, 0x00000000d6580000, 0x0000000100000000)
  eden space 13312K, 100% used [0x00000000d5580000,0x00000000d6280000,0x00000000d6280000)
  from space 1024K, 99% used [0x00000000d6280000,0x00000000d637ee38,0x00000000d6380000)
  to   space 1536K, 0% used [0x00000000d6400000,0x00000000d6400000,0x00000000d6580000)
 ParOldGen       total 68608K, used 55826K [0x0000000080000000, 0x0000000084300000, 0x00000000d5580000)
  object space 68608K, 81% used [0x0000000080000000,0x0000000083684ab0,0x0000000084300000)
 Metaspace       used 61112K, committed 62400K, reserved 1114112K
  class space    used 7613K, committed 8192K, reserved 1048576K
}
Event: 14.952 GC heap after
{Heap after GC invocations=61 (full 3):
 PSYoungGen      total 13824K, used 330K [0x00000000d5580000, 0x00000000d6480000, 0x0000000100000000)
  eden space 13312K, 0% used [0x00000000d5580000,0x00000000d5580000,0x00000000d6280000)
  from space 512K, 64% used [0x00000000d6400000,0x00000000d64529a0,0x00000000d6480000)
  to   space 1024K, 0% used [0x00000000d6280000,0x00000000d6280000,0x00000000d6380000)
 ParOldGen       total 68608K, used 55882K [0x0000000080000000, 0x0000000084300000, 0x00000000d5580000)
  object space 68608K, 81% used [0x0000000080000000,0x0000000083692ab0,0x0000000084300000)
 Metaspace       used 61112K, committed 62400K, reserved 1114112K
  class space    used 7613K, committed 8192K, reserved 1048576K
}
Event: 15.027 GC heap before
{Heap before GC invocations=62 (full 3):
 PSYoungGen      total 13824K, used 13642K [0x00000000d5580000, 0x00000000d6480000, 0x0000000100000000)
  eden space 13312K, 100% used [0x00000000d5580000,0x00000000d6280000,0x00000000d6280000)
  from space 512K, 64% used [0x00000000d6400000,0x00000000d64529a0,0x00000000d6480000)
  to   space 1024K, 0% used [0x00000000d6280000,0x00000000d6280000,0x00000000d6380000)
 ParOldGen       total 68608K, used 55882K [0x0000000080000000, 0x0000000084300000, 0x00000000d5580000)
  object space 68608K, 81% used [0x0000000080000000,0x0000000083692ab0,0x0000000084300000)
 Metaspace       used 61112K, committed 62400K, reserved 1114112K
  class space    used 7613K, committed 8192K, reserved 1048576K
}
Event: 15.028 GC heap after
{Heap after GC invocations=62 (full 3):
 PSYoungGen      total 14336K, used 1023K [0x00000000d5580000, 0x00000000d6580000, 0x0000000100000000)
  eden space 13312K, 0% used [0x00000000d5580000,0x00000000d5580000,0x00000000d6280000)
  from space 1024K, 99% used [0x00000000d6280000,0x00000000d637fd18,0x00000000d6380000)
  to   space 1536K, 0% used [0x00000000d6400000,0x00000000d6400000,0x00000000d6580000)
 ParOldGen       total 68608K, used 55980K [0x0000000080000000, 0x0000000084300000, 0x00000000d5580000)
  object space 68608K, 81% used [0x0000000080000000,0x00000000836ab328,0x0000000084300000)
 Metaspace       used 61112K, committed 62400K, reserved 1114112K
  class space    used 7613K, committed 8192K, reserved 1048576K
}
Event: 15.110 GC heap before
{Heap before GC invocations=63 (full 3):
 PSYoungGen      total 14336K, used 14335K [0x00000000d5580000, 0x00000000d6580000, 0x0000000100000000)
  eden space 13312K, 100% used [0x00000000d5580000,0x00000000d6280000,0x00000000d6280000)
  from space 1024K, 99% used [0x00000000d6280000,0x00000000d637fd18,0x00000000d6380000)
  to   space 1536K, 0% used [0x00000000d6400000,0x00000000d6400000,0x00000000d6580000)
 ParOldGen       total 68608K, used 55980K [0x0000000080000000, 0x0000000084300000, 0x00000000d5580000)
  object space 68608K, 81% used [0x0000000080000000,0x00000000836ab328,0x0000000084300000)
 Metaspace       used 61112K, committed 62400K, reserved 1114112K
  class space    used 7613K, committed 8192K, reserved 1048576K
}
Event: 15.110 GC heap after
{Heap after GC invocations=63 (full 3):
 PSYoungGen      total 14336K, used 772K [0x00000000d5580000, 0x00000000d6500000, 0x0000000100000000)
  eden space 13312K, 0% used [0x00000000d5580000,0x00000000d5580000,0x00000000d6280000)
  from space 1024K, 75% used [0x00000000d6400000,0x00000000d64c1218,0x00000000d6500000)
  to   space 1024K, 0% used [0x00000000d6280000,0x00000000d6280000,0x00000000d6380000)
 ParOldGen       total 68608K, used 56036K [0x0000000080000000, 0x0000000084300000, 0x00000000d5580000)
  object space 68608K, 81% used [0x0000000080000000,0x00000000836b9328,0x0000000084300000)
 Metaspace       used 61112K, committed 62400K, reserved 1114112K
  class space    used 7613K, committed 8192K, reserved 1048576K
}
Event: 15.183 GC heap before
{Heap before GC invocations=64 (full 3):
 PSYoungGen      total 14336K, used 14084K [0x00000000d5580000, 0x00000000d6500000, 0x0000000100000000)
  eden space 13312K, 100% used [0x00000000d5580000,0x00000000d6280000,0x00000000d6280000)
  from space 1024K, 75% used [0x00000000d6400000,0x00000000d64c1218,0x00000000d6500000)
  to   space 1024K, 0% used [0x00000000d6280000,0x00000000d6280000,0x00000000d6380000)
 ParOldGen       total 68608K, used 56036K [0x0000000080000000, 0x0000000084300000, 0x00000000d5580000)
  object space 68608K, 81% used [0x0000000080000000,0x00000000836b9328,0x0000000084300000)
 Metaspace       used 61112K, committed 62400K, reserved 1114112K
  class space    used 7613K, committed 8192K, reserved 1048576K
}
Event: 15.184 GC heap after
{Heap after GC invocations=64 (full 3):
 PSYoungGen      total 14336K, used 160K [0x00000000d5580000, 0x00000000d6480000, 0x0000000100000000)
  eden space 13312K, 0% used [0x00000000d5580000,0x00000000d5580000,0x00000000d6280000)
  from space 1024K, 15% used [0x00000000d6280000,0x00000000d62a8000,0x00000000d6380000)
  to   space 512K, 0% used [0x00000000d6400000,0x00000000d6400000,0x00000000d6480000)
 ParOldGen       total 68608K, used 56713K [0x0000000080000000, 0x0000000084300000, 0x00000000d5580000)
  object space 68608K, 82% used [0x0000000080000000,0x0000000083762640,0x0000000084300000)
 Metaspace       used 61112K, committed 62400K, reserved 1114112K
  class space    used 7613K, committed 8192K, reserved 1048576K
}
Event: 15.260 GC heap before
{Heap before GC invocations=65 (full 3):
 PSYoungGen      total 14336K, used 13472K [0x00000000d5580000, 0x00000000d6480000, 0x0000000100000000)
  eden space 13312K, 100% used [0x00000000d5580000,0x00000000d6280000,0x00000000d6280000)
  from space 1024K, 15% used [0x00000000d6280000,0x00000000d62a8000,0x00000000d6380000)
  to   space 512K, 0% used [0x00000000d6400000,0x00000000d6400000,0x00000000d6480000)
 ParOldGen       total 68608K, used 56713K [0x0000000080000000, 0x0000000084300000, 0x00000000d5580000)
  object space 68608K, 82% used [0x0000000080000000,0x0000000083762640,0x0000000084300000)
 Metaspace       used 61112K, committed 62400K, reserved 1114112K
  class space    used 7613K, committed 8192K, reserved 1048576K
}
Event: 15.261 GC heap after
{Heap after GC invocations=65 (full 3):
 PSYoungGen      total 13824K, used 493K [0x00000000d5580000, 0x00000000d6580000, 0x0000000100000000)
  eden space 13312K, 0% used [0x00000000d5580000,0x00000000d5580000,0x00000000d6280000)
  from space 512K, 96% used [0x00000000d6400000,0x00000000d647b7c0,0x00000000d6480000)
  to   space 1536K, 0% used [0x00000000d6280000,0x00000000d6280000,0x00000000d6400000)
 ParOldGen       total 68608K, used 57187K [0x0000000080000000, 0x0000000084300000, 0x00000000d5580000)
  object space 68608K, 83% used [0x0000000080000000,0x00000000837d8e98,0x0000000084300000)
 Metaspace       used 61112K, committed 62400K, reserved 1114112K
  class space    used 7613K, committed 8192K, reserved 1048576K
}
Event: 15.328 GC heap before
{Heap before GC invocations=66 (full 3):
 PSYoungGen      total 13824K, used 13805K [0x00000000d5580000, 0x00000000d6580000, 0x0000000100000000)
  eden space 13312K, 100% used [0x00000000d5580000,0x00000000d6280000,0x00000000d6280000)
  from space 512K, 96% used [0x00000000d6400000,0x00000000d647b7c0,0x00000000d6480000)
  to   space 1536K, 0% used [0x00000000d6280000,0x00000000d6280000,0x00000000d6400000)
 ParOldGen       total 68608K, used 57187K [0x0000000080000000, 0x0000000084300000, 0x00000000d5580000)
  object space 68608K, 83% used [0x0000000080000000,0x00000000837d8e98,0x0000000084300000)
 Metaspace       used 61125K, committed 62400K, reserved 1114112K
  class space    used 7616K, committed 8192K, reserved 1048576K
}
Event: 15.328 GC heap after
{Heap after GC invocations=66 (full 3):
 PSYoungGen      total 13824K, used 256K [0x00000000d5580000, 0x00000000d6480000, 0x0000000100000000)
  eden space 13312K, 0% used [0x00000000d5580000,0x00000000d5580000,0x00000000d6280000)
  from space 512K, 50% used [0x00000000d6280000,0x00000000d62c0000,0x00000000d6300000)
  to   space 1024K, 0% used [0x00000000d6380000,0x00000000d6380000,0x00000000d6480000)
 ParOldGen       total 68608K, used 57267K [0x0000000080000000, 0x0000000084300000, 0x00000000d5580000)
  object space 68608K, 83% used [0x0000000080000000,0x00000000837ece98,0x0000000084300000)
 Metaspace       used 61125K, committed 62400K, reserved 1114112K
  class space    used 7616K, committed 8192K, reserved 1048576K
}
Event: 15.643 GC heap before
{Heap before GC invocations=67 (full 3):
 PSYoungGen      total 13824K, used 13568K [0x00000000d5580000, 0x00000000d6480000, 0x0000000100000000)
  eden space 13312K, 100% used [0x00000000d5580000,0x00000000d6280000,0x00000000d6280000)
  from space 512K, 50% used [0x00000000d6280000,0x00000000d62c0000,0x00000000d6300000)
  to   space 1024K, 0% used [0x00000000d6380000,0x00000000d6380000,0x00000000d6480000)
 ParOldGen       total 68608K, used 57267K [0x0000000080000000, 0x0000000084300000, 0x00000000d5580000)
  object space 68608K, 83% used [0x0000000080000000,0x00000000837ece98,0x0000000084300000)
 Metaspace       used 62667K, committed 64064K, reserved 1114112K
  class space    used 7853K, committed 8512K, reserved 1048576K
}
Event: 15.644 GC heap after
{Heap after GC invocations=67 (full 3):
 PSYoungGen      total 14336K, used 608K [0x00000000d5580000, 0x00000000d6480000, 0x0000000100000000)
  eden space 13312K, 0% used [0x00000000d5580000,0x00000000d5580000,0x00000000d6280000)
  from space 1024K, 59% used [0x00000000d6380000,0x00000000d6418000,0x00000000d6480000)
  to   space 1024K, 0% used [0x00000000d6280000,0x00000000d6280000,0x00000000d6380000)
 ParOldGen       total 68608K, used 57347K [0x0000000080000000, 0x0000000084300000, 0x00000000d5580000)
  object space 68608K, 83% used [0x0000000080000000,0x0000000083800e98,0x0000000084300000)
 Metaspace       used 62667K, committed 64064K, reserved 1114112K
  class space    used 7853K, committed 8512K, reserved 1048576K
}
Event: 16.344 GC heap before
{Heap before GC invocations=68 (full 3):
 PSYoungGen      total 14336K, used 13920K [0x00000000d5580000, 0x00000000d6480000, 0x0000000100000000)
  eden space 13312K, 100% used [0x00000000d5580000,0x00000000d6280000,0x00000000d6280000)
  from space 1024K, 59% used [0x00000000d6380000,0x00000000d6418000,0x00000000d6480000)
  to   space 1024K, 0% used [0x00000000d6280000,0x00000000d6280000,0x00000000d6380000)
 ParOldGen       total 68608K, used 57347K [0x0000000080000000, 0x0000000084300000, 0x00000000d5580000)
  object space 68608K, 83% used [0x0000000080000000,0x0000000083800e98,0x0000000084300000)
 Metaspace       used 64193K, committed 65536K, reserved 1114112K
  class space    used 8064K, committed 8704K, reserved 1048576K
}
Event: 16.345 GC heap after
{Heap after GC invocations=68 (full 3):
 PSYoungGen      total 14336K, used 736K [0x00000000d5580000, 0x00000000d6480000, 0x0000000100000000)
  eden space 13312K, 0% used [0x00000000d5580000,0x00000000d5580000,0x00000000d6280000)
  from space 1024K, 71% used [0x00000000d6280000,0x00000000d6338000,0x00000000d6380000)
  to   space 1024K, 0% used [0x00000000d6380000,0x00000000d6380000,0x00000000d6480000)
 ParOldGen       total 68608K, used 57843K [0x0000000080000000, 0x0000000084300000, 0x00000000d5580000)
  object space 68608K, 84% used [0x0000000080000000,0x000000008387cea8,0x0000000084300000)
 Metaspace       used 64193K, committed 65536K, reserved 1114112K
  class space    used 8064K, committed 8704K, reserved 1048576K
}
Event: 31.529 GC heap before
{Heap before GC invocations=69 (full 3):
 PSYoungGen      total 14336K, used 14048K [0x00000000d5580000, 0x00000000d6480000, 0x0000000100000000)
  eden space 13312K, 100% used [0x00000000d5580000,0x00000000d6280000,0x00000000d6280000)
  from space 1024K, 71% used [0x00000000d6280000,0x00000000d6338000,0x00000000d6380000)
  to   space 1024K, 0% used [0x00000000d6380000,0x00000000d6380000,0x00000000d6480000)
 ParOldGen       total 68608K, used 57843K [0x0000000080000000, 0x0000000084300000, 0x00000000d5580000)
  object space 68608K, 84% used [0x0000000080000000,0x000000008387cea8,0x0000000084300000)
 Metaspace       used 65346K, committed 66816K, reserved 1114112K
  class space    used 8198K, committed 8896K, reserved 1048576K
}
Event: 31.549 GC heap after
{Heap after GC invocations=69 (full 3):
 PSYoungGen      total 13312K, used 1008K [0x00000000d5580000, 0x00000000d6680000, 0x0000000100000000)
  eden space 12288K, 0% used [0x00000000d5580000,0x00000000d5580000,0x00000000d6180000)
  from space 1024K, 98% used [0x00000000d6380000,0x00000000d647c040,0x00000000d6480000)
  to   space 2048K, 0% used [0x00000000d6180000,0x00000000d6180000,0x00000000d6380000)
 ParOldGen       total 68608K, used 58461K [0x0000000080000000, 0x0000000084300000, 0x00000000d5580000)
  object space 68608K, 85% used [0x0000000080000000,0x0000000083917480,0x0000000084300000)
 Metaspace       used 65346K, committed 66816K, reserved 1114112K
  class space    used 8198K, committed 8896K, reserved 1048576K
}

Dll operation events (15 events):
Event: 0.023 Loaded shared library c:\Users\USER\.cursor\extensions\redhat.java-1.46.0-win32-x64\jre\21.0.8-win32-x86_64\bin\java.dll
Event: 0.145 Loaded shared library c:\Users\USER\.cursor\extensions\redhat.java-1.46.0-win32-x64\jre\21.0.8-win32-x86_64\bin\zip.dll
Event: 0.166 Loaded shared library C:\Users\USER\.cursor\extensions\redhat.java-1.46.0-win32-x64\jre\21.0.8-win32-x86_64\bin\instrument.dll
Event: 0.173 Loaded shared library C:\Users\USER\.cursor\extensions\redhat.java-1.46.0-win32-x64\jre\21.0.8-win32-x86_64\bin\net.dll
Event: 0.183 Loaded shared library C:\Users\USER\.cursor\extensions\redhat.java-1.46.0-win32-x64\jre\21.0.8-win32-x86_64\bin\nio.dll
Event: 0.187 Loaded shared library C:\Users\USER\.cursor\extensions\redhat.java-1.46.0-win32-x64\jre\21.0.8-win32-x86_64\bin\zip.dll
Event: 0.203 Loaded shared library C:\Users\USER\.cursor\extensions\redhat.java-1.46.0-win32-x64\jre\21.0.8-win32-x86_64\bin\jimage.dll
Event: 0.272 Loaded shared library c:\Users\USER\.cursor\extensions\redhat.java-1.46.0-win32-x64\jre\21.0.8-win32-x86_64\bin\verify.dll
Event: 1.562 Loaded shared library C:\Users\USER\AppData\Roaming\Cursor\User\globalStorage\redhat.java\1.46.0\config_win\org.eclipse.equinox.launcher\org.eclipse.equinox.launcher.win32.win32.x86_64_1.2.1400.v20250801-0854\eclipse_11916.dll
Event: 4.199 Loaded shared library C:\Users\USER\AppData\Local\Temp\jna-2614219\jna2115771667265453109.dll
Event: 9.428 Loaded shared library C:\Users\USER\.gradle\native\1def1411415f61bf3af743bc5b6707747c0891f09f0c88961ee8f79bc544acac\windows-amd64\native-platform.dll
Event: 10.501 Loaded shared library C:\Users\USER\.cursor\extensions\redhat.java-1.46.0-win32-x64\jre\21.0.8-win32-x86_64\bin\management.dll
Event: 10.512 Loaded shared library C:\Users\USER\.cursor\extensions\redhat.java-1.46.0-win32-x64\jre\21.0.8-win32-x86_64\bin\management_ext.dll
Event: 15.516 Loaded shared library C:\Users\USER\.cursor\extensions\redhat.java-1.46.0-win32-x64\jre\21.0.8-win32-x86_64\bin\extnet.dll
Event: 20.808 Loaded shared library C:\Users\USER\.cursor\extensions\redhat.java-1.46.0-win32-x64\jre\21.0.8-win32-x86_64\bin\sunmscapi.dll

Deoptimization events (20 events):
Event: 31.552 Thread 0x0000018c6f1e1060 DEOPT PACKING pc=0x0000018c13ba9cde sp=0x0000003f02afee00
Event: 31.552 Thread 0x0000018c6f1e1060 DEOPT UNPACKING pc=0x0000018c1acc4242 sp=0x0000003f02afe358 mode 0
Event: 31.552 Thread 0x0000018c6f1e1060 DEOPT PACKING pc=0x0000018c13ba9cde sp=0x0000003f02afee00
Event: 31.552 Thread 0x0000018c6f1e1060 DEOPT UNPACKING pc=0x0000018c1acc4242 sp=0x0000003f02afe358 mode 0
Event: 31.552 Thread 0x0000018c6f1e1060 DEOPT PACKING pc=0x0000018c13ba9cde sp=0x0000003f02afee00
Event: 31.552 Thread 0x0000018c6f1e1060 DEOPT UNPACKING pc=0x0000018c1acc4242 sp=0x0000003f02afe358 mode 0
Event: 31.553 Thread 0x0000018c6f1e1060 DEOPT PACKING pc=0x0000018c13ba9cde sp=0x0000003f02afee00
Event: 31.553 Thread 0x0000018c6f1e1060 DEOPT UNPACKING pc=0x0000018c1acc4242 sp=0x0000003f02afe358 mode 0
Event: 31.553 Thread 0x0000018c6f1e1060 DEOPT PACKING pc=0x0000018c13ba9cde sp=0x0000003f02afee00
Event: 31.553 Thread 0x0000018c6f1e1060 DEOPT UNPACKING pc=0x0000018c1acc4242 sp=0x0000003f02afe358 mode 0
Event: 31.553 Thread 0x0000018c6f1e1060 DEOPT PACKING pc=0x0000018c13ba9cde sp=0x0000003f02afee00
Event: 31.553 Thread 0x0000018c6f1e1060 DEOPT UNPACKING pc=0x0000018c1acc4242 sp=0x0000003f02afe358 mode 0
Event: 31.554 Thread 0x0000018c6f1e1060 Uncommon trap: trap_request=0xffffff45 fr.pc=0x0000018c1b2b4fa8 relative=0x0000000000000148
Event: 31.554 Thread 0x0000018c6f1e1060 Uncommon trap: reason=unstable_if action=reinterpret pc=0x0000018c1b2b4fa8 method=java.util.HashMap.getNode(Ljava/lang/Object;)Ljava/util/HashMap$Node; @ 66 c2
Event: 31.554 Thread 0x0000018c6f1e1060 DEOPT PACKING pc=0x0000018c1b2b4fa8 sp=0x0000003f02afefd0
Event: 31.554 Thread 0x0000018c6f1e1060 DEOPT UNPACKING pc=0x0000018c1acc3aa2 sp=0x0000003f02afeee0 mode 2
Event: 31.554 Thread 0x0000018c6f1e1060 Uncommon trap: trap_request=0xffffff45 fr.pc=0x0000018c1b2b47a8 relative=0x0000000000000148
Event: 31.554 Thread 0x0000018c6f1e1060 Uncommon trap: reason=unstable_if action=reinterpret pc=0x0000018c1b2b47a8 method=java.util.HashMap.getNode(Ljava/lang/Object;)Ljava/util/HashMap$Node; @ 66 c2
Event: 31.554 Thread 0x0000018c6f1e1060 DEOPT PACKING pc=0x0000018c1b2b47a8 sp=0x0000003f02afeef0
Event: 31.554 Thread 0x0000018c6f1e1060 DEOPT UNPACKING pc=0x0000018c1acc3aa2 sp=0x0000003f02afee70 mode 2

Classes loaded (20 events):
Event: 20.951 Loading class java/io/ObjectStreamClass$MemberSignature
Event: 20.951 Loading class java/io/ObjectStreamClass$MemberSignature done
Event: 20.951 Loading class java/io/ObjectStreamClass$3
Event: 20.951 Loading class java/io/ObjectStreamClass$3 done
Event: 20.952 Loading class java/io/ObjectStreamClass$4
Event: 20.952 Loading class java/io/ObjectStreamClass$4 done
Event: 20.952 Loading class java/io/ObjectStreamClass$5
Event: 20.952 Loading class java/io/ObjectStreamClass$5 done
Event: 21.020 Loading class java/nio/channels/spi/AbstractSelector$1
Event: 21.020 Loading class java/nio/channels/spi/AbstractSelector$1 done
Event: 21.229 Loading class java/util/concurrent/Executors$AutoShutdownDelegatedExecutorService
Event: 21.230 Loading class java/util/concurrent/Executors$AutoShutdownDelegatedExecutorService done
Event: 22.269 Loading class java/lang/UnsupportedClassVersionError
Event: 22.269 Loading class java/lang/UnsupportedClassVersionError done
Event: 31.614 Loading class sun/nio/cs/ISO_8859_1$Encoder
Event: 31.616 Loading class sun/nio/cs/ISO_8859_1$Encoder done
Event: 31.616 Loading class sun/nio/cs/Surrogate$Parser
Event: 31.618 Loading class sun/nio/cs/Surrogate$Parser done
Event: 31.618 Loading class sun/nio/cs/Surrogate
Event: 31.619 Loading class sun/nio/cs/Surrogate done

Classes unloaded (13 events):
Event: 4.958 Thread 0x0000018c104e4960 Unloading class 0x0000018c281af400 'java/lang/invoke/LambdaForm$MH+0x0000018c281af400'
Event: 4.958 Thread 0x0000018c104e4960 Unloading class 0x0000018c281af000 'java/lang/invoke/LambdaForm$MH+0x0000018c281af000'
Event: 4.958 Thread 0x0000018c104e4960 Unloading class 0x0000018c281aec00 'java/lang/invoke/LambdaForm$MH+0x0000018c281aec00'
Event: 4.958 Thread 0x0000018c104e4960 Unloading class 0x0000018c281ae800 'java/lang/invoke/LambdaForm$MH+0x0000018c281ae800'
Event: 4.958 Thread 0x0000018c104e4960 Unloading class 0x0000018c281ae400 'java/lang/invoke/LambdaForm$BMH+0x0000018c281ae400'
Event: 4.958 Thread 0x0000018c104e4960 Unloading class 0x0000018c281ae000 'java/lang/invoke/LambdaForm$DMH+0x0000018c281ae000'
Event: 4.958 Thread 0x0000018c104e4960 Unloading class 0x0000018c281acc00 'java/lang/invoke/LambdaForm$DMH+0x0000018c281acc00'
Event: 6.434 Thread 0x0000018c104e4960 Unloading class 0x0000018c28334800 'java/lang/invoke/LambdaForm$MH+0x0000018c28334800'
Event: 6.434 Thread 0x0000018c104e4960 Unloading class 0x0000018c28333c00 'java/lang/invoke/LambdaForm$MH+0x0000018c28333c00'
Event: 6.434 Thread 0x0000018c104e4960 Unloading class 0x0000018c28333400 'java/lang/invoke/LambdaForm$MH+0x0000018c28333400'
Event: 6.434 Thread 0x0000018c104e4960 Unloading class 0x0000018c28332c00 'java/lang/invoke/LambdaForm$MH+0x0000018c28332c00'
Event: 6.434 Thread 0x0000018c104e4960 Unloading class 0x0000018c28332800 'java/lang/invoke/LambdaForm$DMH+0x0000018c28332800'
Event: 6.434 Thread 0x0000018c104e4960 Unloading class 0x0000018c28331c00 'java/lang/invoke/LambdaForm$MH+0x0000018c28331c00'

Classes redefined (0 events):
No events

Internal exceptions (20 events):
Event: 15.667 Thread 0x0000018c6a84ec40 Exception <a 'java/lang/NoSuchMethodError'{0x00000000d581d7f0}: 'long java.lang.invoke.DelegatingMethodHandle$Holder.reinvoke_L(java.lang.Object, java.lang.Object)'> (0x00000000d581d7f0) 
thrown [s\src\hotspot\share\interpreter\linkResolver.cpp, line 773]
Event: 16.012 Thread 0x0000018c6a84f2d0 Exception <a 'java/lang/NoSuchMethodError'{0x00000000d5f7b438}: 'void java.lang.invoke.DirectMethodHandle$Holder.invokeStatic(java.lang.Object, long)'> (0x00000000d5f7b438) 
thrown [s\src\hotspot\share\interpreter\linkResolver.cpp, line 773]
Event: 16.310 Thread 0x0000018c6a84f2d0 Exception <a 'java/lang/NoSuchMethodError'{0x00000000d5fa0928}: 'void java.lang.invoke.DirectMethodHandle$Holder.invokeSpecial(java.lang.Object, java.lang.Object, int)'> (0x00000000d5fa0928) 
thrown [s\src\hotspot\share\interpreter\linkResolver.cpp, line 773]
Event: 16.310 Thread 0x0000018c6a84f2d0 Exception <a 'java/lang/NoSuchMethodError'{0x00000000d5ff5958}: 'java.lang.Object java.lang.invoke.DirectMethodHandle$Holder.newInvokeSpecial(java.lang.Object, java.lang.Object, int)'> (0x00000000d5ff5958) 
thrown [s\src\hotspot\share\interpreter\linkResolver.cpp, line 773]
Event: 20.913 Thread 0x0000018c6a84ec40 Exception <a 'java/lang/NoSuchMethodError'{0x00000000d5c2e118}: 'void java.lang.invoke.DirectMethodHandle$Holder.invokeInterface(java.lang.Object, java.lang.Object, java.lang.Object, java.lang.Object)'> (0x00000000d5c2e118) 
thrown [s\src\hotspot\share\interpreter\linkResolver.cpp, line 773]
Event: 20.952 Thread 0x0000018c6a84ec40 Exception <a 'java/lang/NoSuchMethodError'{0x00000000d5cdd558}: static Lorg/gradle/tooling/internal/provider/serialization/ClassLoaderDetails;.<clinit>()V> (0x00000000d5cdd558) 
thrown [s\src\hotspot\share\prims\jni.cpp, line 1111]
Event: 20.984 Thread 0x0000018c6a84ec40 Exception <a 'java/lang/NoSuchMethodError'{0x00000000d5d00a88}: static Lorg/gradle/tooling/internal/provider/serialization/WellKnownClassLoaderRegistry$KnownClassLoaderSpec;.<clinit>()V> (0x00000000d5d00a88) 
thrown [s\src\hotspot\share\prims\jni.cpp, line 1111]
Event: 20.984 Thread 0x0000018c6a84ec40 Exception <a 'java/lang/NoSuchMethodError'{0x00000000d5d02330}: static Lorg/gradle/internal/classloader/ClassLoaderSpec;.<clinit>()V> (0x00000000d5d02330) 
thrown [s\src\hotspot\share\prims\jni.cpp, line 1111]
Event: 20.986 Thread 0x0000018c6a84ec40 Exception <a 'java/lang/NoSuchMethodError'{0x00000000d5d1f2d0}: static Lorg/gradle/tooling/internal/provider/serialization/ClientOwnedClassLoaderSpec;.<clinit>()V> (0x00000000d5d1f2d0) 
thrown [s\src\hotspot\share\prims\jni.cpp, line 1111]
Event: 21.012 Thread 0x0000018c6a84ec40 Exception <a 'java/lang/NoSuchMethodError'{0x00000000d5d66f70}: static [Ljava/lang/Object;.<clinit>()V> (0x00000000d5d66f70) 
thrown [s\src\hotspot\share\prims\jni.cpp, line 1111]
Event: 22.276 Thread 0x0000018c6a84ec40 Exception <a 'java/lang/NoSuchMethodError'{0x00000000d5de3c30}: static Lorg/gradle/internal/build/event/types/AbstractProgressEvent;.<clinit>()V> (0x00000000d5de3c30) 
thrown [s\src\hotspot\share\prims\jni.cpp, line 1111]
Event: 22.285 Thread 0x0000018c6a84ec40 Exception <a 'java/lang/NoSuchMethodError'{0x00000000d5dfb848}: static Lorg/gradle/internal/build/event/types/DefaultOperationStartedProgressEvent;.<clinit>()V> (0x00000000d5dfb848) 
thrown [s\src\hotspot\share\prims\jni.cpp, line 1111]
Event: 22.311 Thread 0x0000018c6a84ec40 Exception <a 'java/lang/NoSuchMethodError'{0x00000000d5e117d0}: static Lorg/gradle/internal/build/event/types/DefaultOperationDescriptor;.<clinit>()V> (0x00000000d5e117d0) 
thrown [s\src\hotspot\share\prims\jni.cpp, line 1111]
Event: 22.331 Thread 0x0000018c6a84ec40 Exception <a 'java/lang/NoSuchMethodError'{0x00000000d5e20040}: static Lorg/gradle/internal/operations/OperationIdentifier;.<clinit>()V> (0x00000000d5e20040) 
thrown [s\src\hotspot\share\prims\jni.cpp, line 1111]
Event: 23.543 Thread 0x0000018c6a84ec40 Exception <a 'java/lang/NoSuchMethodError'{0x00000000d5e6b250}: static Lorg/gradle/internal/build/event/types/DefaultOperationFinishedProgressEvent;.<clinit>()V> (0x00000000d5e6b250) 
thrown [s\src\hotspot\share\prims\jni.cpp, line 1111]
Event: 23.545 Thread 0x0000018c6a84ec40 Exception <a 'java/lang/NoSuchMethodError'{0x00000000d5e92718}: static Lorg/gradle/internal/build/event/types/AbstractResult;.<clinit>()V> (0x00000000d5e92718) 
thrown [s\src\hotspot\share\prims\jni.cpp, line 1111]
Event: 23.547 Thread 0x0000018c6a84ec40 Exception <a 'java/lang/NoSuchMethodError'{0x00000000d5ea0180}: static Lorg/gradle/internal/build/event/types/AbstractOperationResult;.<clinit>()V> (0x00000000d5ea0180) 
thrown [s\src\hotspot\share\prims\jni.cpp, line 1111]
Event: 23.549 Thread 0x0000018c6a84ec40 Exception <a 'java/lang/NoSuchMethodError'{0x00000000d5eae1b0}: static Lorg/gradle/internal/build/event/types/DefaultSuccessResult;.<clinit>()V> (0x00000000d5eae1b0) 
thrown [s\src\hotspot\share\prims\jni.cpp, line 1111]
Event: 28.456 Thread 0x0000018c6a84ec40 Exception <a 'java/lang/NoSuchMethodError'{0x00000000d5f7cd58}: static Lorg/gradle/internal/build/event/types/DefaultBuildPhaseDescriptor;.<clinit>()V> (0x00000000d5f7cd58) 
thrown [s\src\hotspot\share\prims\jni.cpp, line 1111]
Event: 29.241 Thread 0x0000018c6a84ec40 Exception <a 'java/lang/NoSuchMethodError'{0x00000000d6063ae0}: static Lorg/gradle/internal/build/event/types/DefaultProjectConfigurationDescriptor;.<clinit>()V> (0x00000000d6063ae0) 
thrown [s\src\hotspot\share\prims\jni.cpp, line 1111]

ZGC Phase Switch (0 events):
No events

VM Operations (20 events):
Event: 43.580 Executing VM operation: Cleanup
Event: 43.580 Executing VM operation: Cleanup done
Event: 49.651 Executing VM operation: Cleanup
Event: 49.651 Executing VM operation: Cleanup done
Event: 50.665 Executing VM operation: Cleanup
Event: 50.665 Executing VM operation: Cleanup done
Event: 51.665 Executing VM operation: Cleanup
Event: 51.665 Executing VM operation: Cleanup done
Event: 54.668 Executing VM operation: Cleanup
Event: 54.668 Executing VM operation: Cleanup done
Event: 56.668 Executing VM operation: Cleanup
Event: 56.668 Executing VM operation: Cleanup done
Event: 57.669 Executing VM operation: Cleanup
Event: 57.669 Executing VM operation: Cleanup done
Event: 60.078 Executing VM operation: HandshakeAllThreads (HandshakeForDeflation)
Event: 60.079 Executing VM operation: HandshakeAllThreads (HandshakeForDeflation) done
Event: 60.079 Executing VM operation: RendezvousGCThreads
Event: 60.079 Executing VM operation: RendezvousGCThreads done
Event: 63.080 Executing VM operation: Cleanup
Event: 63.080 Executing VM operation: Cleanup done

Memory protections (0 events):
No events

Nmethod flushes (20 events):
Event: 13.366 Thread 0x0000018c104e4960 flushing  nmethod 0x0000018c13f66690
Event: 13.366 Thread 0x0000018c104e4960 flushing  nmethod 0x0000018c13f6c690
Event: 13.366 Thread 0x0000018c104e4960 flushing  nmethod 0x0000018c13f72210
Event: 13.366 Thread 0x0000018c104e4960 flushing  nmethod 0x0000018c13f7e090
Event: 13.366 Thread 0x0000018c104e4960 flushing  nmethod 0x0000018c13f8a190
Event: 13.366 Thread 0x0000018c104e4960 flushing  nmethod 0x0000018c13fa0090
Event: 13.366 Thread 0x0000018c104e4960 flushing  nmethod 0x0000018c13fb1210
Event: 13.366 Thread 0x0000018c104e4960 flushing  nmethod 0x0000018c13fbb710
Event: 13.366 Thread 0x0000018c104e4960 flushing  nmethod 0x0000018c13fd7b90
Event: 13.366 Thread 0x0000018c104e4960 flushing  nmethod 0x0000018c13fd8890
Event: 13.366 Thread 0x0000018c104e4960 flushing  nmethod 0x0000018c13fd9a10
Event: 13.366 Thread 0x0000018c104e4960 flushing  nmethod 0x0000018c13fdbc90
Event: 13.366 Thread 0x0000018c104e4960 flushing  nmethod 0x0000018c13fdc990
Event: 13.366 Thread 0x0000018c104e4960 flushing  nmethod 0x0000018c13fdd790
Event: 13.366 Thread 0x0000018c104e4960 flushing  nmethod 0x0000018c13fe6110
Event: 13.366 Thread 0x0000018c104e4960 flushing  nmethod 0x0000018c13feda10
Event: 13.366 Thread 0x0000018c104e4960 flushing  nmethod 0x0000018c13fef510
Event: 13.366 Thread 0x0000018c104e4960 flushing  nmethod 0x0000018c13ffca10
Event: 13.366 Thread 0x0000018c104e4960 flushing  nmethod 0x0000018c13ffde10
Event: 13.366 Thread 0x0000018c104e4960 flushing  nmethod 0x0000018c14002a10

Events (20 events):
Event: 12.469 Thread 0x0000018c71d90eb0 Thread exited: 0x0000018c71d90eb0
Event: 12.561 Thread 0x0000018c104fa4b0 Thread added: 0x0000018c71d929f0
Event: 13.705 Thread 0x0000018c71d929f0 Thread exited: 0x0000018c71d929f0
Event: 14.840 Thread 0x0000018c104fa4b0 Thread added: 0x0000018c71d92320
Event: 15.553 Thread 0x0000018c71d92320 Thread exited: 0x0000018c71d92320
Event: 15.620 Thread 0x0000018c104fa4b0 Thread added: 0x0000018c71d90eb0
Event: 15.675 Thread 0x0000018c6a84ec40 Thread added: 0x0000018c6a84e5b0
Event: 15.913 Thread 0x0000018c6a84ec40 Thread added: 0x0000018c6a84f2d0
Event: 16.018 Thread 0x0000018c6a84f2d0 Thread added: 0x0000018c6a84cb70
Event: 16.018 Thread 0x0000018c6a84f2d0 Thread added: 0x0000018c6a84f960
Event: 16.126 Thread 0x0000018c71d90eb0 Thread exited: 0x0000018c71d90eb0
Event: 16.405 Thread 0x0000018c6a84ec40 Thread added: 0x0000018c6a84fff0
Event: 16.480 Thread 0x0000018c6a84fff0 Thread added: 0x0000018c6a84d890
Event: 16.480 Thread 0x0000018c6a84fff0 Thread added: 0x0000018c6a850680
Event: 16.480 Thread 0x0000018c6a84d890 Thread exited: 0x0000018c6a84d890
Event: 20.539 Thread 0x0000018c6a84fff0 Thread exited: 0x0000018c6a84fff0
Event: 20.539 Thread 0x0000018c6a850680 Thread exited: 0x0000018c6a850680
Event: 31.555 Thread 0x0000018c104fa4b0 Thread added: 0x0000018c71d93790
Event: 31.895 Thread 0x0000018c71d93790 Thread exited: 0x0000018c71d93790
Event: 62.295 Thread 0x0000018c104fa4b0 Thread added: 0x0000018c71d92320


Dynamic libraries:
0x00007ff714a60000 - 0x00007ff714a6e000 	c:\Users\USER\.cursor\extensions\redhat.java-1.46.0-win32-x64\jre\21.0.8-win32-x86_64\bin\java.exe
0x00007ff916600000 - 0x00007ff916868000 	C:\WINDOWS\SYSTEM32\ntdll.dll
0x00007ff8ea690000 - 0x00007ff8ea6b0000 	C:\Program Files\AVG\Antivirus\aswhook.dll
0x00007ff915770000 - 0x00007ff915839000 	C:\WINDOWS\System32\KERNEL32.DLL
0x00007ff913790000 - 0x00007ff913b82000 	C:\WINDOWS\System32\KERNELBASE.dll
0x00007ff914060000 - 0x00007ff9141ab000 	C:\WINDOWS\System32\ucrtbase.dll
0x00007ff8d9e30000 - 0x00007ff8d9e4e000 	c:\Users\USER\.cursor\extensions\redhat.java-1.46.0-win32-x64\jre\21.0.8-win32-x86_64\bin\VCRUNTIME140.dll
0x00007ff8cf7b0000 - 0x00007ff8cf7c8000 	c:\Users\USER\.cursor\extensions\redhat.java-1.46.0-win32-x64\jre\21.0.8-win32-x86_64\bin\jli.dll
0x00007ff915ad0000 - 0x00007ff915c95000 	C:\WINDOWS\System32\USER32.dll
0x00007ff913cc0000 - 0x00007ff913ce7000 	C:\WINDOWS\System32\win32u.dll
0x00007ff9161d0000 - 0x00007ff9161fb000 	C:\WINDOWS\System32\GDI32.dll
0x00007ff8e9b60000 - 0x00007ff8e9df3000 	C:\WINDOWS\WinSxS\amd64_microsoft.windows.common-controls_6595b64144ccf1df_6.0.26100.6899_none_3e0efeeae32e88c1\COMCTL32.dll
0x00007ff913b90000 - 0x00007ff913cbd000 	C:\WINDOWS\System32\gdi32full.dll
0x00007ff916480000 - 0x00007ff916529000 	C:\WINDOWS\System32\msvcrt.dll
0x00007ff914320000 - 0x00007ff9143c3000 	C:\WINDOWS\System32\msvcp_win.dll
0x00007ff9156a0000 - 0x00007ff9156cf000 	C:\WINDOWS\System32\IMM32.DLL
0x00007ff8fd170000 - 0x00007ff8fd17c000 	c:\Users\USER\.cursor\extensions\redhat.java-1.46.0-win32-x64\jre\21.0.8-win32-x86_64\bin\vcruntime140_1.dll
0x00007ff8a0760000 - 0x00007ff8a07ed000 	c:\Users\USER\.cursor\extensions\redhat.java-1.46.0-win32-x64\jre\21.0.8-win32-x86_64\bin\msvcp140.dll
0x00007ff811ef0000 - 0x00007ff812c87000 	c:\Users\USER\.cursor\extensions\redhat.java-1.46.0-win32-x64\jre\21.0.8-win32-x86_64\bin\server\jvm.dll
0x00007ff9155b0000 - 0x00007ff915664000 	C:\WINDOWS\System32\ADVAPI32.dll
0x00007ff915840000 - 0x00007ff9158e6000 	C:\WINDOWS\System32\sechost.dll
0x00007ff916360000 - 0x00007ff916478000 	C:\WINDOWS\System32\RPCRT4.dll
0x00007ff9156f0000 - 0x00007ff915764000 	C:\WINDOWS\System32\WS2_32.dll
0x00007ff913610000 - 0x00007ff91366e000 	C:\WINDOWS\SYSTEM32\POWRPROF.dll
0x00007ff90cca0000 - 0x00007ff90ccd5000 	C:\WINDOWS\SYSTEM32\WINMM.dll
0x00007ff90cce0000 - 0x00007ff90cceb000 	C:\WINDOWS\SYSTEM32\VERSION.dll
0x00007ff9135f0000 - 0x00007ff913604000 	C:\WINDOWS\SYSTEM32\UMPDC.dll
0x00007ff912540000 - 0x00007ff91255b000 	C:\WINDOWS\SYSTEM32\kernel.appcore.dll
0x00007ff8e22c0000 - 0x00007ff8e22ca000 	c:\Users\USER\.cursor\extensions\redhat.java-1.46.0-win32-x64\jre\21.0.8-win32-x86_64\bin\jimage.dll
0x00007ff9062c0000 - 0x00007ff906502000 	C:\WINDOWS\SYSTEM32\DBGHELP.DLL
0x00007ff915e40000 - 0x00007ff9161bb000 	C:\WINDOWS\System32\combase.dll
0x00007ff916200000 - 0x00007ff9162d7000 	C:\WINDOWS\System32\OLEAUT32.dll
0x00007ff904ed0000 - 0x00007ff904f0c000 	C:\WINDOWS\SYSTEM32\dbgcore.DLL
0x00007ff913cf0000 - 0x00007ff913d88000 	C:\WINDOWS\System32\bcryptPrimitives.dll
0x00007ff8d4d60000 - 0x00007ff8d4d6f000 	c:\Users\USER\.cursor\extensions\redhat.java-1.46.0-win32-x64\jre\21.0.8-win32-x86_64\bin\instrument.dll
0x00007ff8cb8d0000 - 0x00007ff8cb8ef000 	c:\Users\USER\.cursor\extensions\redhat.java-1.46.0-win32-x64\jre\21.0.8-win32-x86_64\bin\java.dll
0x00007ff914c80000 - 0x00007ff9153cd000 	C:\WINDOWS\System32\SHELL32.dll
0x00007ff9141b0000 - 0x00007ff91431b000 	C:\WINDOWS\System32\wintypes.dll
0x00007ff9113c0000 - 0x00007ff911c1d000 	C:\WINDOWS\SYSTEM32\windows.storage.dll
0x00007ff914500000 - 0x00007ff9145f2000 	C:\WINDOWS\System32\SHCORE.dll
0x00007ff916530000 - 0x00007ff916592000 	C:\WINDOWS\System32\shlwapi.dll
0x00007ff9136b0000 - 0x00007ff9136d9000 	C:\WINDOWS\SYSTEM32\profapi.dll
0x00007ff8da140000 - 0x00007ff8da158000 	c:\Users\USER\.cursor\extensions\redhat.java-1.46.0-win32-x64\jre\21.0.8-win32-x86_64\bin\zip.dll
0x00007ff8e1120000 - 0x00007ff8e1130000 	C:\Users\USER\.cursor\extensions\redhat.java-1.46.0-win32-x64\jre\21.0.8-win32-x86_64\bin\net.dll
0x00007ff90a310000 - 0x00007ff90a42f000 	C:\WINDOWS\SYSTEM32\WINHTTP.dll
0x00007ff912ad0000 - 0x00007ff912b3b000 	C:\WINDOWS\system32\mswsock.dll
0x00007ff8c5390000 - 0x00007ff8c53a6000 	C:\Users\USER\.cursor\extensions\redhat.java-1.46.0-win32-x64\jre\21.0.8-win32-x86_64\bin\nio.dll
0x00007ff8cc2c0000 - 0x00007ff8cc2d0000 	c:\Users\USER\.cursor\extensions\redhat.java-1.46.0-win32-x64\jre\21.0.8-win32-x86_64\bin\verify.dll
0x00007ff89f290000 - 0x00007ff89f2d4000 	C:\Users\USER\AppData\Roaming\Cursor\User\globalStorage\redhat.java\1.46.0\config_win\org.eclipse.equinox.launcher\org.eclipse.equinox.launcher.win32.win32.x86_64_1.2.1400.v20250801-0854\eclipse_11916.dll
0x00007ff915ca0000 - 0x00007ff915e38000 	C:\WINDOWS\System32\ole32.dll
0x00007ff912d80000 - 0x00007ff912d9b000 	C:\WINDOWS\SYSTEM32\CRYPTSP.dll
0x00007ff9124a0000 - 0x00007ff9124db000 	C:\WINDOWS\system32\rsaenh.dll
0x00007ff912b70000 - 0x00007ff912b9b000 	C:\WINDOWS\SYSTEM32\USERENV.dll
0x00007ff913680000 - 0x00007ff9136a6000 	C:\WINDOWS\SYSTEM32\bcrypt.dll
0x00007ff912da0000 - 0x00007ff912dac000 	C:\WINDOWS\SYSTEM32\CRYPTBASE.dll
0x00007ff911f80000 - 0x00007ff911fb4000 	C:\WINDOWS\SYSTEM32\IPHLPAPI.DLL
0x00007ff9156e0000 - 0x00007ff9156ea000 	C:\WINDOWS\System32\NSI.dll
0x00007ff89efd0000 - 0x00007ff89f019000 	C:\Users\USER\AppData\Local\Temp\jna-2614219\jna2115771667265453109.dll
0x00007ff9161c0000 - 0x00007ff9161c8000 	C:\WINDOWS\System32\PSAPI.DLL
0x00007ff90ca10000 - 0x00007ff90ca2e000 	C:\WINDOWS\SYSTEM32\dhcpcsvc6.DLL
0x00007ff90a960000 - 0x00007ff90a983000 	C:\WINDOWS\SYSTEM32\dhcpcsvc.DLL
0x00007ff8c52b0000 - 0x00007ff8c52d7000 	C:\Users\USER\.gradle\native\1def1411415f61bf3af743bc5b6707747c0891f09f0c88961ee8f79bc544acac\windows-amd64\native-platform.dll
0x00007ff8e0a30000 - 0x00007ff8e0a3a000 	C:\Users\USER\.cursor\extensions\redhat.java-1.46.0-win32-x64\jre\21.0.8-win32-x86_64\bin\management.dll
0x00007ff8dfe00000 - 0x00007ff8dfe0b000 	C:\Users\USER\.cursor\extensions\redhat.java-1.46.0-win32-x64\jre\21.0.8-win32-x86_64\bin\management_ext.dll
0x00007ff8d0840000 - 0x00007ff8d0849000 	C:\Users\USER\.cursor\extensions\redhat.java-1.46.0-win32-x64\jre\21.0.8-win32-x86_64\bin\extnet.dll
0x00007ff8d3060000 - 0x00007ff8d306e000 	C:\Users\USER\.cursor\extensions\redhat.java-1.46.0-win32-x64\jre\21.0.8-win32-x86_64\bin\sunmscapi.dll
0x00007ff913ee0000 - 0x00007ff914057000 	C:\WINDOWS\System32\CRYPT32.dll
0x00007ff912fa0000 - 0x00007ff912fd0000 	C:\WINDOWS\SYSTEM32\ncrypt.dll
0x00007ff912f50000 - 0x00007ff912f8f000 	C:\WINDOWS\SYSTEM32\NTASN1.dll
0x00007ff886fb0000 - 0x00007ff886fb8000 	C:\WINDOWS\system32\wshunix.dll

JVMTI agents:
c:\Users\USER\.cursor\extensions\redhat.java-1.46.0-win32-x64\lombok\lombok-1.18.39-4050.jar path:c:\Users\USER\.cursor\extensions\redhat.java-1.46.0-win32-x64\jre\21.0.8-win32-x86_64\bin\instrument.dll, loaded, initialized, instrumentlib options:none

dbghelp: loaded successfully - version: 4.0.5 - missing functions: none
symbol engine: initialized successfully - sym options: 0x614 - pdb path: .;c:\Users\USER\.cursor\extensions\redhat.java-1.46.0-win32-x64\jre\21.0.8-win32-x86_64\bin;C:\WINDOWS\SYSTEM32;C:\Program Files\AVG\Antivirus;C:\WINDOWS\WinSxS\amd64_microsoft.windows.common-controls_6595b64144ccf1df_6.0.26100.6899_none_3e0efeeae32e88c1;c:\Users\USER\.cursor\extensions\redhat.java-1.46.0-win32-x64\jre\21.0.8-win32-x86_64\bin\server;C:\Users\USER\AppData\Roaming\Cursor\User\globalStorage\redhat.java\1.46.0\config_win\org.eclipse.equinox.launcher\org.eclipse.equinox.launcher.win32.win32.x86_64_1.2.1400.v20250801-0854;C:\Users\USER\AppData\Local\Temp\jna-2614219;C:\Users\USER\.gradle\native\1def1411415f61bf3af743bc5b6707747c0891f09f0c88961ee8f79bc544acac\windows-amd64

VM Arguments:
jvm_args: --add-modules=ALL-SYSTEM --add-opens=java.base/java.util=ALL-UNNAMED --add-opens=java.base/java.lang=ALL-UNNAMED --add-opens=java.base/sun.nio.fs=ALL-UNNAMED -Declipse.application=org.eclipse.jdt.ls.core.id1 -Dosgi.bundles.defaultStartLevel=4 -Declipse.product=org.eclipse.jdt.ls.core.product -Djava.import.generatesMetadataFilesAtProjectRoot=false -DDetectVMInstallationsJob.disabled=true -Dfile.encoding=utf8 -XX:+UseParallelGC -XX:GCTimeRatio=4 -XX:AdaptiveSizePolicyWeight=90 -Dsun.zip.disableMemoryMapping=true -Xmx2G -Xms100m -Xlog:disable -javaagent:c:\Users\USER\.cursor\extensions\redhat.java-1.46.0-win32-x64\lombok\lombok-1.18.39-4050.jar -XX:+HeapDumpOnOutOfMemoryError -XX:HeapDumpPath=c:\Users\USER\AppData\Roaming\Cursor\User\workspaceStorage\58bca81c2ce6789938e3f427d54d5f21\redhat.java -Daether.dependencyCollector.impl=bf 
java_command: c:\Users\USER\.cursor\extensions\redhat.java-1.46.0-win32-x64\server\plugins\org.eclipse.equinox.launcher_1.7.0.v20250519-0528.jar -configuration c:\Users\USER\AppData\Roaming\Cursor\User\globalStorage\redhat.java\1.46.0\config_win -data c:\Users\USER\AppData\Roaming\Cursor\User\workspaceStorage\58bca81c2ce6789938e3f427d54d5f21\redhat.java\jdt_ws --pipe=\\.\pipe\lsp-6e1a614ce611378c93603037905f3433-sock
java_class_path (initial): c:\Users\USER\.cursor\extensions\redhat.java-1.46.0-win32-x64\server\plugins\org.eclipse.equinox.launcher_1.7.0.v20250519-0528.jar
Launcher Type: SUN_STANDARD

[Global flags]
    uintx AdaptiveSizePolicyWeight                 = 90                                        {product} {command line}
     intx CICompilerCount                          = 4                                         {product} {ergonomic}
    uintx GCTimeRatio                              = 4                                         {product} {command line}
     bool HeapDumpOnOutOfMemoryError               = true                                   {manageable} {command line}
    ccstr HeapDumpPath                             = c:\Users\USER\AppData\Roaming\Cursor\User\workspaceStorage\58bca81c2ce6789938e3f427d54d5f21\redhat.java         {manageable} {command line}
   size_t InitialHeapSize                          = 104857600                                 {product} {command line}
   size_t MaxHeapSize                              = 2147483648                                {product} {command line}
   size_t MaxNewSize                               = 715653120                                 {product} {ergonomic}
   size_t MinHeapDeltaBytes                        = 524288                                    {product} {ergonomic}
   size_t MinHeapSize                              = 104857600                                 {product} {command line}
   size_t NewSize                                  = 34603008                                  {product} {ergonomic}
    uintx NonNMethodCodeHeapSize                   = 5839372                                {pd product} {ergonomic}
    uintx NonProfiledCodeHeapSize                  = 122909434                              {pd product} {ergonomic}
   size_t OldSize                                  = 70254592                                  {product} {ergonomic}
    uintx ProfiledCodeHeapSize                     = 122909434                              {pd product} {ergonomic}
    uintx ReservedCodeCacheSize                    = 251658240                              {pd product} {ergonomic}
     bool SegmentedCodeCache                       = true                                      {product} {ergonomic}
   size_t SoftMaxHeapSize                          = 2147483648                             {manageable} {ergonomic}
     bool UseCompressedOops                        = true                           {product lp64_product} {ergonomic}
     bool UseLargePagesIndividualAllocation        = false                                  {pd product} {ergonomic}
     bool UseParallelGC                            = true                                      {product} {command line}

Logging:
Log output configuration:
 #0: stdout all=off uptime,level,tags foldmultilines=false
 #1: stderr all=off uptime,level,tags foldmultilines=false

Environment Variables:
JAVA_HOME=C:\Program Files\Java\jdk-22.0.1
CLASSPATH=C:\LINGO64_21\Lingo21.jar
PATH=C:\Program Files\Eclipse Adoptium\jdk-17.0.16.8-hotspot\bin;C:\msys64\mingw64\bin;c:\Users\USER\AppData\Local\Programs\cursor\resources\app\bin;C:\Program Files (x86)\Razer Chroma SDK\bin;C:\Program Files\Razer Chroma SDK\bin;C:\Program Files\Rockwell Software\RSCommon;C:\Program Files\Common Files\Oracle\Java\javapath;C:\WINDOWS\system32;C:\WINDOWS;C:\WINDOWS\System32\Wbem;C:\WINDOWS\System32\WindowsPowerShell\v1.0\;C:\WINDOWS\System32\OpenSSH\;C:\Users\USER\Desktop\jdk-20.0.2\bin;C:\Program Files (x86)\NVIDIA Corporation\PhysX\Common;C:\Program Files (x86)\Rational\common;C:\Program Files (x86)\Microsoft SQL Server\160\DTS\Binn\;C:\Program Files (x86)\Microsoft SQL Server\160\Tools\Binn\;C:\Program Files\Microsoft SQL Server\160\Tools\Binn\;C:\Program Files\Microsoft SQL Server\Client SDK\ODBC\170\Tools\Binn\;C:\Program Files\Microsoft SQL Server\160\DTS\Binn\;C:\WINDOWS\system32\config\systemprofile\AppData\Local\Microsoft\WindowsApps;C:\Program Files (x86)\Razer\ChromaBroadcast\bin;C:\Program Files\Razer\ChromaBroadcast\bin;C:\Users\USER\AppData\Local\Programs\Pyt;C:\xampp\php;C:\ProgramData\ComposerSetup\bin;C:\Program Files\Git\cmd;C:\Program Files\NVIDIA Corporation\NVIDIA App\NvDLISR;C:\Program Files\Java\jdk-22.0.1\bin;C:\msys64\mingw64\bin;C:\Users\USER\AppData\Local\Programs\Python\Python313\Scripts\;C:\Users\USER\AppData\Local\Programs\Python\Python313\;C:\Users\USER\AppData\Local\Programs\Python\Python312\Scripts\;C:\Users\USER\AppData\Local\Programs\Python\Python312\;C:\Users\USER\AppData\Local\Microsoft\WindowsApps;C:\Users\USER\AppData\Local\Programs\Microsoft VS Code\bin;C:\Users\USER\AppData\Roaming\npm;C:\Program Files\nodejs;C:\Users\USER\.dotnet\tools;C:\Users\USER\AppData\Local\Programs\MiKTeX\miktex\bin\x64\;C:\Program Files\MongoDB\Server\8.0\bin;C:\Users\USER\AppData\Roaming\Composer\vendor\bin;C:\Program Files\JetBrains\IntelliJ IDEA 2025.1.2\bin;;C:\Users\USER\AppData\Local\Programs\cursor\resources\app\bin;C:\Program Files\Git\bin;C:\Program Files\Git\cmd;C:\Users\USER\AppData\Local\GitHubDesktop\bin;C:\Program Files\Apache\Maven\bin;C:\Program Files\Apache\Maven;
USERNAME=USER
OS=Windows_NT
PROCESSOR_IDENTIFIER=AMD64 Family 25 Model 80 Stepping 0, AuthenticAMD
TMP=C:\Users\USER\AppData\Local\Temp
TEMP=C:\Users\USER\AppData\Local\Temp




Periodic native trim disabled

---------------  S Y S T E M  ---------------

OS:
 Windows 11 , 64 bit Build 26100 (10.0.26100.6725)
OS uptime: 0 days 16:47 hours
Hyper-V role detected

CPU: total 12 (initial active 12) (12 cores per cpu, 2 threads per core) family 25 model 80 stepping 0 microcode 0xa50000d, cx8, cmov, fxsr, ht, mmx, 3dnowpref, sse, sse2, sse3, ssse3, sse4a, sse4.1, sse4.2, popcnt, lzcnt, tsc, tscinvbit, avx, avx2, aes, erms, clmul, bmi1, bmi2, adx, sha, fma, vzeroupper, clflush, clflushopt, hv, rdtscp, rdpid, fsrm, f16c, cet_ss
Processor Information for the first 12 processors :
  Max Mhz: 3301, Current Mhz: 3301, Mhz Limit: 3301

Memory: 4k page, system-wide physical 7521M (799M free)
TotalPageFile size 31073M (AvailPageFile size 6M)
current process WorkingSet (physical memory assigned to process): 65M, peak: 259M
current process commit charge ("private bytes"): 372M, peak: 382M

vm_info: OpenJDK 64-Bit Server VM (21.0.8+9-LTS) for windows-amd64 JRE (21.0.8+9-LTS), built on 2025-07-15T00:00:00Z by "admin" with MS VC++ 17.7 (VS2022)

END.
